#
# There is insufficient memory for the Java Runtime Environment to continue.
# Native memory allocation (malloc) failed to allocate 1112256 bytes for Chunk::new
# Possible reasons:
#   The system is out of physical RAM or swap space
#   In 32 bit mode, the process size limit was hit
# Possible solutions:
#   Reduce memory load on the system
#   Increase physical memory or swap space
#   Check if swap backing store is full
#   Use 64 bit Java on a 64 bit OS
#   Decrease Java heap size (-Xmx/-Xms)
#   Decrease number of Java threads
#   Decrease Java thread stack sizes (-Xss)
#   Set larger code cache with -XX:ReservedCodeCacheSize=
# This output file may be truncated or incomplete.
#
#  Out of Memory Error (allocation.cpp:390), pid=14276, tid=0x0000000000003318
#
# JRE version: OpenJDK Runtime Environment (8.0_152-b02) (build 1.8.0_152-release-1024-b02)
# Java VM: OpenJDK 64-Bit Server VM (25.152-b02 mixed mode windows-amd64 compressed oops)
# Failed to write core dump. Minidumps are not enabled by default on client versions of Windows
#

---------------  T H R E A D  ---------------

Current thread (0x0000000016a7e000):  JavaThread "C2 CompilerThread1" daemon [_thread_in_native, id=13080, stack(0x0000000018500000,0x0000000018600000)]

Stack: [0x0000000018500000,0x0000000018600000]
[error occurred during error reporting (printing stack bounds), id 0xc0000005]

Native frames: (J=compiled Java code, j=interpreted, Vv=VM code, C=native code)


Current CompileTask:
C2:   7894 8032       4       com.android.tools.r8.ir.conversion.JarSourceCode::updateState (278 bytes)


---------------  P R O C E S S  ---------------

Java Threads: ( => current thread )
  0x000000001f42c800 JavaThread "pool-4-thread-2" [_thread_in_vm, id=17100, stack(0x0000000024280000,0x0000000024380000)]
  0x000000001f433800 JavaThread "pool-4-thread-1" [_thread_in_Java, id=8972, stack(0x0000000024180000,0x0000000024280000)]
  0x000000001f432800 JavaThread "pool-3-thread-2" [_thread_in_vm, id=13548, stack(0x0000000024080000,0x0000000024180000)]
  0x000000001f42c000 JavaThread "pool-3-thread-1" [_thread_in_Java, id=27468, stack(0x0000000023f80000,0x0000000024080000)]
  0x000000001f42b000 JavaThread "pool-2-thread-2" [_thread_in_Java, id=19056, stack(0x0000000023e80000,0x0000000023f80000)]
  0x000000001f430800 JavaThread "pool-2-thread-1" [_thread_blocked, id=24644, stack(0x0000000023d80000,0x0000000023e80000)]
  0x000000001f432000 JavaThread "ForkJoinPool.commonPool-worker-3" daemon [_thread_blocked, id=16012, stack(0x0000000023820000,0x0000000023920000)]
  0x000000001f42a000 JavaThread "ForkJoinPool.commonPool-worker-2" daemon [_thread_blocked, id=26884, stack(0x0000000023720000,0x0000000023820000)]
  0x000000001f42f800 JavaThread "ForkJoinPool.commonPool-worker-1" daemon [_thread_blocked, id=20832, stack(0x0000000023620000,0x0000000023720000)]
  0x000000001f431000 JavaThread "Task worker for ':' Thread 3" [_thread_in_native, id=17560, stack(0x0000000023520000,0x0000000023620000)]
  0x000000001d064800 JavaThread "Task worker for ':' Thread 2" [_thread_blocked, id=972, stack(0x0000000023420000,0x0000000023520000)]
  0x000000001d063000 JavaThread "Task worker for ':'" [_thread_blocked, id=15888, stack(0x0000000023320000,0x0000000023420000)]
  0x000000001d067800 JavaThread "Cache worker for Build Output Cleanup Cache (C:\Users\M&N\Desktop\0813\.gradle\buildOutputCleanup)" [_thread_blocked, id=19176, stack(0x0000000023040000,0x0000000023140000)]
  0x000000001d069000 JavaThread "Cache worker for task history cache (C:\Users\M&N\Desktop\0813\.gradle\4.4\taskHistory)" [_thread_blocked, id=19868, stack(0x0000000022f40000,0x0000000023040000)]
  0x000000001d067000 JavaThread "Cache worker for file content cache (C:\Users\M&N\Desktop\0813\.gradle\4.4\fileContent)" [_thread_blocked, id=18288, stack(0x0000000022450000,0x0000000022550000)]
  0x000000001d065800 JavaThread "Memory manager" [_thread_blocked, id=18548, stack(0x0000000021b50000,0x0000000021c50000)]
  0x0000000019189800 JavaThread "build operations Thread 4" [_thread_blocked, id=19900, stack(0x0000000021450000,0x0000000021550000)]
  0x000000001918a800 JavaThread "build operations Thread 3" [_thread_blocked, id=17532, stack(0x0000000021350000,0x0000000021450000)]
  0x000000001918b800 JavaThread "build operations Thread 2" [_thread_blocked, id=26620, stack(0x0000000021250000,0x0000000021350000)]
  0x0000000019189000 JavaThread "build operations" [_thread_blocked, id=24192, stack(0x000000001fb90000,0x000000001fc90000)]
  0x000000001918f000 JavaThread "Cache worker for Artifact transforms cache (C:\Users\M&N\.gradle\caches\transforms-1)" [_thread_blocked, id=23636, stack(0x000000001ea10000,0x000000001eb10000)]
  0x0000000019a0a800 JavaThread "Cache worker for file hash cache (C:\Users\M&N\Desktop\0813\.gradle\4.4\fileHashes)" [_thread_blocked, id=23304, stack(0x000000001b1a0000,0x000000001b2a0000)]
  0x0000000019a1d000 JavaThread "File lock request listener" [_thread_in_native, id=20364, stack(0x000000001b0a0000,0x000000001b1a0000)]
  0x000000001966e800 JavaThread "Cache worker for file hash cache (C:\Users\M&N\.gradle\caches\4.4\fileHashes)" [_thread_blocked, id=10764, stack(0x000000001afa0000,0x000000001b0a0000)]
  0x0000000019691800 JavaThread "Stdin handler" [_thread_blocked, id=9308, stack(0x000000001aca0000,0x000000001ada0000)]
  0x000000001966b800 JavaThread "Asynchronous log dispatcher for DefaultDaemonConnection: socket connection from /127.0.0.1:53883 to /127.0.0.1:53884" [_thread_blocked, id=23632, stack(0x000000001aba0000,0x000000001aca0000)]
  0x000000001974c000 JavaThread "Daemon worker" [_thread_blocked, id=12780, stack(0x000000001aaa0000,0x000000001aba0000)]
  0x000000001974b800 JavaThread "Cancel handler" [_thread_blocked, id=21516, stack(0x000000001a9a0000,0x000000001aaa0000)]
  0x0000000019736000 JavaThread "Handler for socket connection from /127.0.0.1:53883 to /127.0.0.1:53884" [_thread_in_native, id=1948, stack(0x000000001a6a0000,0x000000001a7a0000)]
  0x00000000195fc000 JavaThread "Daemon" [_thread_blocked, id=21860, stack(0x000000001a5a0000,0x000000001a6a0000)]
  0x00000000195fa000 JavaThread "Daemon periodic checks" [_thread_blocked, id=17968, stack(0x000000001a4a0000,0x000000001a5a0000)]
  0x00000000198d9800 JavaThread "Incoming local TCP Connector on port 53883" [_thread_in_native, id=23192, stack(0x000000001a2d0000,0x000000001a3d0000)]
  0x0000000017e82800 JavaThread "Service Thread" daemon [_thread_blocked, id=20220, stack(0x0000000018700000,0x0000000018800000)]
  0x0000000017e0e800 JavaThread "C1 CompilerThread2" daemon [_thread_in_vm, id=10164, stack(0x0000000018600000,0x0000000018700000)]
=>0x0000000016a7e000 JavaThread "C2 CompilerThread1" daemon [_thread_in_native, id=13080, stack(0x0000000018500000,0x0000000018600000)]
  0x0000000016a78000 JavaThread "C2 CompilerThread0" daemon [_thread_in_native, id=22728, stack(0x0000000018400000,0x0000000018500000)]
  0x0000000017e08800 JavaThread "Attach Listener" daemon [_thread_blocked, id=8612, stack(0x0000000018300000,0x0000000018400000)]
  0x0000000016a17000 JavaThread "Signal Dispatcher" daemon [_thread_blocked, id=12960, stack(0x0000000018200000,0x0000000018300000)]
  0x000000000306d000 JavaThread "Finalizer" daemon [_thread_blocked, id=27528, stack(0x0000000017c70000,0x0000000017d70000)]
  0x0000000003061000 JavaThread "Reference Handler" daemon [_thread_blocked, id=9812, stack(0x0000000017b70000,0x0000000017c70000)]
  0x00000000030ad800 JavaThread "main" [_thread_blocked, id=22388, stack(0x0000000001340000,0x0000000001440000)]

Other Threads:
  0x00000000169e5800 VMThread [stack: 0x0000000017a70000,0x0000000017b70000] [id=12784]
  0x0000000017e83000 WatcherThread [stack: 0x0000000018800000,0x0000000018900000] [id=20964]

VM state:synchronizing (normal execution)

VM Mutex/Monitor currently owned by a thread:  ([mutex/lock_event])
[0x00000000030ac7d0] Safepoint_lock - owner thread: 0x00000000169e5800
[0x00000000030ac8d0] Threads_lock - owner thread: 0x00000000169e5800
[0x0000000002f709d0] CompiledIC_lock - owner thread: 0x000000001f432800

Heap:
 PSYoungGen      total 209408K, used 182678K [0x00000000e0000000, 0x00000000eed80000, 0x0000000100000000)
  eden space 188928K, 96% used [0x00000000e0000000,0x00000000eb265b58,0x00000000eb880000)
  from space 20480K, 0% used [0x00000000ecd00000,0x00000000ecd00000,0x00000000ee100000)
  to   space 20992K, 0% used [0x00000000eb880000,0x00000000eb880000,0x00000000ecd00000)
 ParOldGen       total 142848K, used 37175K [0x00000000a0000000, 0x00000000a8b80000, 0x00000000e0000000)
  object space 142848K, 26% used [0x00000000a0000000,0x00000000a244dc50,0x00000000a8b80000)
 Metaspace       used 61274K, capacity 63442K, committed 63616K, reserved 1103872K
  class space    used 8294K, capacity 8780K, committed 8832K, reserved 1048576K

Card table byte_map: [0x0000000012470000,0x0000000012780000] byte_map_base: 0x0000000011f70000

Marking Bits: (ParMarkBitMap*) 0x000000006dad4970
 Begin Bits: [0x0000000012d80000, 0x0000000014580000)
 End Bits:   [0x0000000014580000, 0x0000000015d80000)

Polling page: 0x0000000000e20000

CodeCache: size=245760Kb used=23426Kb max_used=23426Kb free=222333Kb
 bounds [0x00000000030b0000, 0x00000000047b0000, 0x00000000120b0000]
 total_blobs=8453 nmethods=7663 adapters=701
 compilation: enabled

Compilation events (10 events):
Event: 7.855 Thread 0x0000000017e0e800 nmethod 8637 0x00000000047a0cd0 code [0x00000000047a0e20, 0x00000000047a0f70]
Event: 7.855 Thread 0x0000000017e0e800 8638       2       com.android.tools.r8.ir.conversion.DexBuilder$GotoInfo::maxSize (31 bytes)
Event: 7.855 Thread 0x0000000017e0e800 nmethod 8638 0x00000000047a1010 code [0x00000000047a1160, 0x00000000047a12b0]
Event: 7.855 Thread 0x0000000017e0e800 8639       2       com.android.tools.r8.ir.conversion.DexBuilder$GotoInfo::computeSize (228 bytes)
Event: 7.856 Thread 0x0000000017e0e800 nmethod 8639 0x00000000047a1350 code [0x00000000047a1520, 0x00000000047a1928]
Event: 7.857 Thread 0x0000000017e0e800 8641       2       java.util.Collections::singletonMap (10 bytes)
Event: 7.857 Thread 0x0000000017e0e800 nmethod 8641 0x00000000047a1c90 code [0x00000000047a1de0, 0x00000000047a1f90]
Event: 7.858 Thread 0x0000000017e0e800 8642       2       com.android.tools.r8.ir.conversion.IRBuilder$MoveExceptionWorklistItem::<init> (7 bytes)
Event: 7.859 Thread 0x0000000017e0e800 nmethod 8642 0x00000000047a2010 code [0x00000000047a2180, 0x00000000047a2328]
Event: 7.859 Thread 0x0000000017e0e800 8643       2       com.android.tools.r8.ir.conversion.JarSourceCode::getTryHandlerGuards (73 bytes)

GC Heap History (10 events):
Event: 3.545 GC heap before
{Heap before GC invocations=9 (full 2):
 PSYoungGen      total 141312K, used 9713K [0x00000000e0000000, 0x00000000eaf80000, 0x0000000100000000)
  eden space 131584K, 0% used [0x00000000e0000000,0x00000000e0000000,0x00000000e8080000)
  from space 9728K, 99% used [0x00000000e8080000,0x00000000e89fc780,0x00000000e8a00000)
  to   space 12288K, 0% used [0x00000000ea380000,0x00000000ea380000,0x00000000eaf80000)
 ParOldGen       total 59904K, used 11239K [0x00000000a0000000, 0x00000000a3a80000, 0x00000000e0000000)
  object space 59904K, 18% used [0x00000000a0000000,0x00000000a0af9d08,0x00000000a3a80000)
 Metaspace       used 34608K, capacity 35280K, committed 35416K, reserved 1079296K
  class space    used 4769K, capacity 5000K, committed 5120K, reserved 1048576K
Event: 3.599 GC heap after
Heap after GC invocations=9 (full 2):
 PSYoungGen      total 141312K, used 0K [0x00000000e0000000, 0x00000000eaf80000, 0x0000000100000000)
  eden space 131584K, 0% used [0x00000000e0000000,0x00000000e0000000,0x00000000e8080000)
  from space 9728K, 0% used [0x00000000e8080000,0x00000000e8080000,0x00000000e8a00000)
  to   space 12288K, 0% used [0x00000000ea380000,0x00000000ea380000,0x00000000eaf80000)
 ParOldGen       total 96768K, used 19360K [0x00000000a0000000, 0x00000000a5e80000, 0x00000000e0000000)
  object space 96768K, 20% used [0x00000000a0000000,0x00000000a12e8160,0x00000000a5e80000)
 Metaspace       used 34608K, capacity 35280K, committed 35416K, reserved 1079296K
  class space    used 4769K, capacity 5000K, committed 5120K, reserved 1048576K
}
Event: 4.684 GC heap before
{Heap before GC invocations=10 (full 2):
 PSYoungGen      total 141312K, used 131584K [0x00000000e0000000, 0x00000000eaf80000, 0x0000000100000000)
  eden space 131584K, 100% used [0x00000000e0000000,0x00000000e8080000,0x00000000e8080000)
  from space 9728K, 0% used [0x00000000e8080000,0x00000000e8080000,0x00000000e8a00000)
  to   space 12288K, 0% used [0x00000000ea380000,0x00000000ea380000,0x00000000eaf80000)
 ParOldGen       total 96768K, used 19360K [0x00000000a0000000, 0x00000000a5e80000, 0x00000000e0000000)
  object space 96768K, 20% used [0x00000000a0000000,0x00000000a12e8160,0x00000000a5e80000)
 Metaspace       used 43037K, capacity 44010K, committed 44288K, reserved 1087488K
  class space    used 5945K, capacity 6274K, committed 6400K, reserved 1048576K
Event: 4.694 GC heap after
Heap after GC invocations=10 (full 2):
 PSYoungGen      total 164864K, used 12279K [0x00000000e0000000, 0x00000000ed400000, 0x0000000100000000)
  eden space 152576K, 0% used [0x00000000e0000000,0x00000000e0000000,0x00000000e9500000)
  from space 12288K, 99% used [0x00000000ea380000,0x00000000eaf7dd98,0x00000000eaf80000)
  to   space 14848K, 0% used [0x00000000e9500000,0x00000000e9500000,0x00000000ea380000)
 ParOldGen       total 96768K, used 21450K [0x00000000a0000000, 0x00000000a5e80000, 0x00000000e0000000)
  object space 96768K, 22% used [0x00000000a0000000,0x00000000a14f2880,0x00000000a5e80000)
 Metaspace       used 43037K, capacity 44010K, committed 44288K, reserved 1087488K
  class space    used 5945K, capacity 6274K, committed 6400K, reserved 1048576K
}
Event: 6.380 GC heap before
{Heap before GC invocations=11 (full 2):
 PSYoungGen      total 164864K, used 164855K [0x00000000e0000000, 0x00000000ed400000, 0x0000000100000000)
  eden space 152576K, 100% used [0x00000000e0000000,0x00000000e9500000,0x00000000e9500000)
  from space 12288K, 99% used [0x00000000ea380000,0x00000000eaf7dd98,0x00000000eaf80000)
  to   space 14848K, 0% used [0x00000000e9500000,0x00000000e9500000,0x00000000ea380000)
 ParOldGen       total 96768K, used 21450K [0x00000000a0000000, 0x00000000a5e80000, 0x00000000e0000000)
  object space 96768K, 22% used [0x00000000a0000000,0x00000000a14f2880,0x00000000a5e80000)
 Metaspace       used 53637K, capacity 55458K, committed 55808K, reserved 1097728K
  class space    used 7353K, capacity 7810K, committed 7936K, reserved 1048576K
Event: 6.401 GC heap after
Heap after GC invocations=11 (full 2):
 PSYoungGen      total 167424K, used 14829K [0x00000000e0000000, 0x00000000ee100000, 0x0000000100000000)
  eden space 152576K, 0% used [0x00000000e0000000,0x00000000e0000000,0x00000000e9500000)
  from space 14848K, 99% used [0x00000000e9500000,0x00000000ea37b578,0x00000000ea380000)
  to   space 20480K, 0% used [0x00000000ecd00000,0x00000000ecd00000,0x00000000ee100000)
 ParOldGen       total 96768K, used 30400K [0x00000000a0000000, 0x00000000a5e80000, 0x00000000e0000000)
  object space 96768K, 31% used [0x00000000a0000000,0x00000000a1db0108,0x00000000a5e80000)
 Metaspace       used 53637K, capacity 55458K, committed 55808K, reserved 1097728K
  class space    used 7353K, capacity 7810K, committed 7936K, reserved 1048576K
}
Event: 6.771 GC heap before
{Heap before GC invocations=12 (full 2):
 PSYoungGen      total 167424K, used 47767K [0x00000000e0000000, 0x00000000ee100000, 0x0000000100000000)
  eden space 152576K, 21% used [0x00000000e0000000,0x00000000e202a910,0x00000000e9500000)
  from space 14848K, 99% used [0x00000000e9500000,0x00000000ea37b578,0x00000000ea380000)
  to   space 20480K, 0% used [0x00000000ecd00000,0x00000000ecd00000,0x00000000ee100000)
 ParOldGen       total 96768K, used 30400K [0x00000000a0000000, 0x00000000a5e80000, 0x00000000e0000000)
  object space 96768K, 31% used [0x00000000a0000000,0x00000000a1db0108,0x00000000a5e80000)
 Metaspace       used 57010K, capacity 58958K, committed 59028K, reserved 1099776K
  class space    used 7728K, capacity 8182K, committed 8192K, reserved 1048576K
Event: 6.797 GC heap after
Heap after GC invocations=12 (full 2):
 PSYoungGen      total 209408K, used 14669K [0x00000000e0000000, 0x00000000eed80000, 0x0000000100000000)
  eden space 188928K, 0% used [0x00000000e0000000,0x00000000e0000000,0x00000000eb880000)
  from space 20480K, 71% used [0x00000000ecd00000,0x00000000edb53780,0x00000000ee100000)
  to   space 20992K, 0% used [0x00000000eb880000,0x00000000eb880000,0x00000000ecd00000)
 ParOldGen       total 96768K, used 37235K [0x00000000a0000000, 0x00000000a5e80000, 0x00000000e0000000)
  object space 96768K, 38% used [0x00000000a0000000,0x00000000a245cc48,0x00000000a5e80000)
 Metaspace       used 57010K, capacity 58958K, committed 59028K, reserved 1099776K
  class space    used 7728K, capacity 8182K, committed 8192K, reserved 1048576K
}
Event: 6.797 GC heap before
{Heap before GC invocations=13 (full 3):
 PSYoungGen      total 209408K, used 14669K [0x00000000e0000000, 0x00000000eed80000, 0x0000000100000000)
  eden space 188928K, 0% used [0x00000000e0000000,0x00000000e0000000,0x00000000eb880000)
  from space 20480K, 71% used [0x00000000ecd00000,0x00000000edb53780,0x00000000ee100000)
  to   space 20992K, 0% used [0x00000000eb880000,0x00000000eb880000,0x00000000ecd00000)
 ParOldGen       total 96768K, used 37235K [0x00000000a0000000, 0x00000000a5e80000, 0x00000000e0000000)
  object space 96768K, 38% used [0x00000000a0000000,0x00000000a245cc48,0x00000000a5e80000)
 Metaspace       used 57010K, capacity 58958K, committed 59028K, reserved 1099776K
  class space    used 7728K, capacity 8182K, committed 8192K, reserved 1048576K
Event: 6.977 GC heap after
Heap after GC invocations=13 (full 3):
 PSYoungGen      total 209408K, used 0K [0x00000000e0000000, 0x00000000eed80000, 0x0000000100000000)
  eden space 188928K, 0% used [0x00000000e0000000,0x00000000e0000000,0x00000000eb880000)
  from space 20480K, 0% used [0x00000000ecd00000,0x00000000ecd00000,0x00000000ee100000)
  to   space 20992K, 0% used [0x00000000eb880000,0x00000000eb880000,0x00000000ecd00000)
 ParOldGen       total 142848K, used 37175K [0x00000000a0000000, 0x00000000a8b80000, 0x00000000e0000000)
  object space 142848K, 26% used [0x00000000a0000000,0x00000000a244dc50,0x00000000a8b80000)
 Metaspace       used 56991K, capacity 58910K, committed 59028K, reserved 1099776K
  class space    used 7721K, capacity 8170K, committed 8192K, reserved 1048576K
}

Deoptimization events (10 events):
Event: 7.279 Thread 0x000000001f433800 Uncommon trap: reason=unstable_if action=reinterpret pc=0x00000000041fe0ac method=com.android.tools.r8.graph.DexString.decode()Ljava/lang/String; @ 53
Event: 7.293 Thread 0x000000001f432800 Uncommon trap: reason=unstable_if action=reinterpret pc=0x0000000003b68f50 method=com.android.tools.r8.ir.code.Position.equals(Ljava/lang/Object;)Z @ 34
Event: 7.367 Thread 0x000000001f42c800 Uncommon trap: reason=unstable_if action=reinterpret pc=0x000000000451ed24 method=com.android.tools.r8.ir.code.ValueType.isWide()Z @ 18
Event: 7.479 Thread 0x000000001f42c800 Uncommon trap: reason=class_check action=maybe_recompile pc=0x00000000045b2158 method=com.android.tools.r8.org.objectweb.asm.ClassReader.readCode(Lcom/android/tools/r8/org/objectweb/asm/MethodVisitor;Lcom/android/tools/r8/org/objectweb/asm/Context;I)V @ 2
Event: 7.499 Thread 0x000000001f42c800 Uncommon trap: reason=predicate action=maybe_recompile pc=0x00000000045ada2c method=com.android.tools.r8.org.objectweb.asm.ClassReader.readCode(Lcom/android/tools/r8/org/objectweb/asm/MethodVisitor;Lcom/android/tools/r8/org/objectweb/asm/Context;I)V @ 492
Event: 7.537 Thread 0x000000001f42c000 Uncommon trap: reason=unstable_if action=reinterpret pc=0x00000000035837c0 method=com.android.tools.r8.it.unimi.dsi.fastutil.ints.Int2ReferenceOpenHashMap.insert(ILjava/lang/Object;)I @ 85
Event: 7.746 Thread 0x000000001f42c800 Uncommon trap: reason=unstable_if action=reinterpret pc=0x000000000459a95c method=com.android.tools.r8.ir.regalloc.RegisterPositions.hasType(ILcom/android/tools/r8/ir/regalloc/RegisterPositions$Type;)Z @ 57
Event: 7.787 Thread 0x000000001f433800 Uncommon trap: reason=unstable_if action=reinterpret pc=0x00000000045877fc method=com.android.tools.r8.ir.regalloc.LiveIntervals.getSplitCovering(I)Lcom/android/tools/r8/ir/regalloc/LiveIntervals; @ 90
Event: 7.830 Thread 0x000000001f42c800 Uncommon trap: reason=unstable_if action=reinterpret pc=0x000000000398a744 method=java.util.HashMap.getNode(ILjava/lang/Object;)Ljava/util/HashMap$Node; @ 84
Event: 7.830 Thread 0x000000001f42c800 Uncommon trap: reason=unstable_if action=reinterpret pc=0x00000000038b9ee4 method=java.util.HashMap.getNode(ILjava/lang/Object;)Ljava/util/HashMap$Node; @ 84

Classes redefined (0 events):
No events

Internal exceptions (10 events):
Event: 6.496 Thread 0x000000001f431000 Exception <a 'sun/nio/fs/WindowsException'> (0x00000000e02b8848) thrown at [D:\src\AOSP-openjdk-cygwin\jdk8u\hotspot\src\share\vm\prims\jni.cpp, line 709]
Event: 6.508 Thread 0x000000001f431000 Exception <a 'sun/nio/fs/WindowsException'> (0x00000000e0987af0) thrown at [D:\src\AOSP-openjdk-cygwin\jdk8u\hotspot\src\share\vm\prims\jni.cpp, line 709]
Event: 6.533 Thread 0x000000001f431000 Exception <a 'sun/nio/fs/WindowsException'> (0x00000000e09c0d00) thrown at [D:\src\AOSP-openjdk-cygwin\jdk8u\hotspot\src\share\vm\prims\jni.cpp, line 709]
Event: 6.592 Thread 0x000000001f431000 Exception <a 'sun/nio/fs/WindowsException'> (0x00000000e0ff11a0) thrown at [D:\src\AOSP-openjdk-cygwin\jdk8u\hotspot\src\share\vm\prims\jni.cpp, line 709]
Event: 6.759 Thread 0x000000001f42c000 Implicit null exception at 0x0000000003896bc7 to 0x0000000003898f4d
Event: 6.759 Thread 0x000000001f433800 Implicit null exception at 0x0000000003896bc7 to 0x0000000003898f4d
Event: 7.021 Thread 0x000000001f432800 Exception <a 'java/lang/NoSuchMethodError': java.lang.Object.lambda$comparingInt$7b0bb60$1(Ljava/util/function/ToIntFunction;Ljava/lang/Object;Ljava/lang/Object;)I> (0x00000000e03301b0) thrown at [D:\src\AOSP-openjdk-cygwin\jdk8u\hotspot\src\share\vm\inte
Event: 7.021 Thread 0x000000001f42c800 Exception <a 'java/lang/NoSuchMethodError': java.lang.Object.lambda$comparingInt$7b0bb60$1(Ljava/util/function/ToIntFunction;Ljava/lang/Object;Ljava/lang/Object;)I> (0x00000000e03eef38) thrown at [D:\src\AOSP-openjdk-cygwin\jdk8u\hotspot\src\share\vm\inte
Event: 7.030 Thread 0x000000001f431000 Exception <a 'sun/nio/fs/WindowsException'> (0x00000000e00845e8) thrown at [D:\src\AOSP-openjdk-cygwin\jdk8u\hotspot\src\share\vm\prims\jni.cpp, line 709]
Event: 7.196 Thread 0x000000001f431000 Exception <a 'sun/nio/fs/WindowsException'> (0x00000000e0a48118) thrown at [D:\src\AOSP-openjdk-cygwin\jdk8u\hotspot\src\share\vm\prims\jni.cpp, line 709]

Events (10 events):
Event: 7.830 Thread 0x000000001f42c800 DEOPT PACKING pc=0x000000000398a744 sp=0x000000002437ef50
Event: 7.830 Thread 0x000000001f42c800 DEOPT UNPACKING pc=0x00000000030f557b sp=0x000000002437ee68 mode 2
Event: 7.830 Thread 0x000000001f42c800 Uncommon trap: trap_request=0xffffff65 fr.pc=0x00000000038b9ee4
Event: 7.830 Thread 0x000000001f42c800 DEOPT PACKING pc=0x00000000038b9ee4 sp=0x000000002437eec0
Event: 7.830 Thread 0x000000001f42c800 DEOPT UNPACKING pc=0x00000000030f557b sp=0x000000002437ee50 mode 2
Event: 7.834 Thread 0x000000001f432800 DEOPT PACKING pc=0x000000000462b83e sp=0x000000002417e790
Event: 7.834 Thread 0x000000001f432800 DEOPT UNPACKING pc=0x00000000030f75d0 sp=0x000000002417e5c8 mode 0
Event: 7.844 Thread 0x000000001f432800 DEOPT PACKING pc=0x00000000045fc3ff sp=0x000000002417e750
Event: 7.844 Thread 0x000000001f432800 DEOPT UNPACKING pc=0x00000000030f75d0 sp=0x000000002417e570 mode 0
Event: 7.859 Executing VM operation: ForceSafepoint


Dynamic libraries:
0x00007ff74dde0000 - 0x00007ff74de11000 	C:\Program Files\Android\Android Studio\jre\bin\java.exe
0x00007ffe82f30000 - 0x00007ffe83111000 	C:\Windows\SYSTEM32\ntdll.dll
0x00007ffe80d40000 - 0x00007ffe80df2000 	C:\Windows\System32\KERNEL32.DLL
0x00007ffe7fd00000 - 0x00007ffe7ff73000 	C:\Windows\System32\KERNELBASE.dll
0x00007ffe80c90000 - 0x00007ffe80d31000 	C:\Windows\System32\ADVAPI32.dll
0x00007ffe80520000 - 0x00007ffe805be000 	C:\Windows\System32\msvcrt.dll
0x00007ffe81390000 - 0x00007ffe813eb000 	C:\Windows\System32\sechost.dll
0x00007ffe82dd0000 - 0x00007ffe82ef4000 	C:\Windows\System32\RPCRT4.dll
0x00007ffe80b00000 - 0x00007ffe80c90000 	C:\Windows\System32\USER32.dll
0x00007ffe7ffd0000 - 0x00007ffe7fff0000 	C:\Windows\System32\win32u.dll
0x00007ffe81790000 - 0x00007ffe817b8000 	C:\Windows\System32\GDI32.dll
0x00007ffe7fb60000 - 0x00007ffe7fcf2000 	C:\Windows\System32\gdi32full.dll
0x00007ffe7f300000 - 0x00007ffe7f39f000 	C:\Windows\System32\msvcp_win.dll
0x00007ffe7fff0000 - 0x00007ffe800ea000 	C:\Windows\System32\ucrtbase.dll
0x00007ffe72bf0000 - 0x00007ffe72e59000 	C:\Windows\WinSxS\amd64_microsoft.windows.common-controls_6595b64144ccf1df_6.0.17134.228_none_fb4599993062b194\COMCTL32.dll
0x00007ffe81460000 - 0x00007ffe81783000 	C:\Windows\System32\combase.dll
0x00007ffe80150000 - 0x00007ffe801ca000 	C:\Windows\System32\bcryptPrimitives.dll
0x00007ffe80620000 - 0x00007ffe8064d000 	C:\Windows\System32\IMM32.DLL
0x000000006d150000 - 0x000000006d222000 	C:\Program Files\Android\Android Studio\jre\jre\bin\msvcr100.dll
0x000000006d310000 - 0x000000006db4f000 	C:\Program Files\Android\Android Studio\jre\jre\bin\server\jvm.dll
0x00007ffe82dc0000 - 0x00007ffe82dc8000 	C:\Windows\System32\PSAPI.DLL
0x00007ffe74390000 - 0x00007ffe743b3000 	C:\Windows\SYSTEM32\WINMM.dll
0x00007ffe7c530000 - 0x00007ffe7c539000 	C:\Windows\SYSTEM32\WSOCK32.dll
0x00007ffe7de70000 - 0x00007ffe7de7a000 	C:\Windows\SYSTEM32\VERSION.dll
0x00007ffe81320000 - 0x00007ffe8138c000 	C:\Windows\System32\WS2_32.dll
0x00007ffe742c0000 - 0x00007ffe742ea000 	C:\Windows\SYSTEM32\WINMMBASE.dll
0x00007ffe7ff80000 - 0x00007ffe7ffc9000 	C:\Windows\System32\cfgmgr32.dll
0x00007ffe7c520000 - 0x00007ffe7c52f000 	C:\Program Files\Android\Android Studio\jre\jre\bin\verify.dll
0x00007ffe7c4f0000 - 0x00007ffe7c519000 	C:\Program Files\Android\Android Studio\jre\jre\bin\java.dll
0x00007ffe7c490000 - 0x00007ffe7c4a6000 	C:\Program Files\Android\Android Studio\jre\jre\bin\zip.dll
0x00007ffe81980000 - 0x00007ffe82dc0000 	C:\Windows\System32\SHELL32.dll
0x00007ffe818d0000 - 0x00007ffe81979000 	C:\Windows\System32\shcore.dll
0x00007ffe7f3a0000 - 0x00007ffe7faad000 	C:\Windows\System32\windows.storage.dll
0x00007ffe805c0000 - 0x00007ffe80611000 	C:\Windows\System32\shlwapi.dll
0x00007ffe7f250000 - 0x00007ffe7f261000 	C:\Windows\System32\kernel.appcore.dll
0x00007ffe7f290000 - 0x00007ffe7f2af000 	C:\Windows\System32\profapi.dll
0x00007ffe7f2b0000 - 0x00007ffe7f2fc000 	C:\Windows\System32\powrprof.dll
0x00007ffe7f240000 - 0x00007ffe7f24a000 	C:\Windows\System32\FLTLIB.DLL
0x00007ffe7c470000 - 0x00007ffe7c48a000 	C:\Program Files\Android\Android Studio\jre\jre\bin\net.dll
0x00007ffe7eac0000 - 0x00007ffe7eb26000 	C:\Windows\system32\mswsock.dll
0x00007ffe7a690000 - 0x00007ffe7a6a1000 	C:\Program Files\Android\Android Studio\jre\jre\bin\nio.dll
0x00007ffe75d90000 - 0x00007ffe75dae000 	C:\Users\M&N\.gradle\native\25\windows-amd64\native-platform.dll
0x00007ffe7d490000 - 0x00007ffe7d49d000 	C:\Program Files\Android\Android Studio\jre\jre\bin\management.dll
0x00007ffe7ec70000 - 0x00007ffe7ec87000 	C:\Windows\SYSTEM32\CRYPTSP.dll
0x00007ffe7e640000 - 0x00007ffe7e673000 	C:\Windows\system32\rsaenh.dll
0x00007ffe7eda0000 - 0x00007ffe7edc5000 	C:\Windows\SYSTEM32\bcrypt.dll
0x00007ffe7f140000 - 0x00007ffe7f168000 	C:\Windows\SYSTEM32\USERENV.dll
0x00007ffe7ec90000 - 0x00007ffe7ec9b000 	C:\Windows\SYSTEM32\CRYPTBASE.dll
0x00007ffe7e840000 - 0x00007ffe7e878000 	C:\Windows\SYSTEM32\IPHLPAPI.DLL
0x00007ffe813f0000 - 0x00007ffe813f8000 	C:\Windows\System32\NSI.dll
0x00007ffe7a040000 - 0x00007ffe7a056000 	C:\Windows\SYSTEM32\dhcpcsvc6.DLL
0x00007ffe7a020000 - 0x00007ffe7a03a000 	C:\Windows\SYSTEM32\dhcpcsvc.DLL
0x00007ffe7e330000 - 0x00007ffe7e361000 	C:\Windows\SYSTEM32\ntmarta.dll

VM Arguments:
jvm_args: -Xmx1536m -Dfile.encoding=x-windows-949 -Duser.country=KR -Duser.language=ko -Duser.variant 
java_command: org.gradle.launcher.daemon.bootstrap.GradleDaemon 4.4
java_class_path (initial): C:\Users\M&N\.gradle\wrapper\dists\gradle-4.4-all\9br9xq1tocpiv8o6njlyu5op1\gradle-4.4\lib\gradle-launcher-4.4.jar
Launcher Type: SUN_STANDARD

Environment Variables:
PATH=C:\Program Files (x86)\Common Files\Oracle\Java\javapath;C:\Windows\system32;C:\Windows;C:\Windows\System32\Wbem;C:\Windows\System32\WindowsPowerShell\v1.0\;C:\Windows\System32\OpenSSH\;C:\Program Files (x86)\NVIDIA Corporation\PhysX\Common;C:\Users\M&N\AppData\Local\Android\Sdk\platform-tools;C:\Program Files\Git\cmd;C:\Users\M&N\AppData\Local\Microsoft\WindowsApps;
USERNAME=M&N
OS=Windows_NT
PROCESSOR_IDENTIFIER=Intel64 Family 6 Model 94 Stepping 3, GenuineIntel



---------------  S Y S T E M  ---------------

OS: Windows 10.0 , 64 bit Build 17134 (10.0.17134.1)

CPU:total 4 (initial active 4) (4 cores per cpu, 1 threads per core) family 6 model 94 stepping 3, cmov, cx8, fxsr, mmx, sse, sse2, sse3, ssse3, sse4.1, sse4.2, popcnt, avx, avx2, aes, clmul, erms, rtm, 3dnowpref, lzcnt, tsc, tscinvbit, bmi1, bmi2, adx

Memory: 4k page, physical 8339612k(1893560k free), swap 33505436k(21472k free)

vm_info: OpenJDK 64-Bit Server VM (25.152-b02) for windows-amd64 JRE (1.8.0_152-release-1024-b02), built by "builder" with MS VC++ 10.0 (VS2010)

time: Thu Sep 06 09:11:52 2018
elapsed time: 7 seconds (0d 0h 0m 7s)

