#
# There is insufficient memory for the Java Runtime Environment to continue.
# Native memory allocation (malloc) failed to allocate 476656 bytes for Chunk::new
# Possible reasons:
#   The system is out of physical RAM or swap space
#   In 32 bit mode, the process size limit was hit
# Possible solutions:
#   Reduce memory load on the system
#   Increase physical memory or swap space
#   Check if swap backing store is full
#   Use 64 bit Java on a 64 bit OS
#   Decrease Java heap size (-Xmx/-Xms)
#   Decrease number of Java threads
#   Decrease Java thread stack sizes (-Xss)
#   Set larger code cache with -XX:ReservedCodeCacheSize=
# This output file may be truncated or incomplete.
#
#  Out of Memory Error (allocation.cpp:390), pid=11872, tid=0x00000000000055b8
#
# JRE version: OpenJDK Runtime Environment (8.0_152-b02) (build 1.8.0_152-release-1024-b02)
# Java VM: OpenJDK 64-Bit Server VM (25.152-b02 mixed mode windows-amd64 compressed oops)
# Failed to write core dump. Minidumps are not enabled by default on client versions of Windows
#

---------------  T H R E A D  ---------------

Current thread (0x00000000161cb000):  JavaThread "C2 CompilerThread0" daemon [_thread_in_native, id=21944, stack(0x0000000017bc0000,0x0000000017cc0000)]

Stack: [0x0000000017bc0000,0x0000000017cc0000]
[error occurred during error reporting (printing stack bounds), id 0xc0000005]

Native frames: (J=compiled Java code, j=interpreted, Vv=VM code, C=native code)


Current CompileTask:
C2:   7200 8036       4       com.android.tools.r8.ir.conversion.JarState::recordStateForTarget (265 bytes)


---------------  P R O C E S S  ---------------

Java Threads: ( => current thread )
  0x000000001f3ed800 JavaThread "pool-4-thread-2" [_thread_in_Java, id=15776, stack(0x00000000237a0000,0x00000000238a0000)]
  0x000000001f3f1800 JavaThread "pool-4-thread-1" [_thread_in_Java, id=9844, stack(0x00000000236a0000,0x00000000237a0000)]
  0x000000001f3f3000 JavaThread "pool-2-thread-2" [_thread_in_Java, id=19296, stack(0x00000000235a0000,0x00000000236a0000)]
  0x000000001f3f2000 JavaThread "pool-2-thread-1" [_thread_in_Java, id=19992, stack(0x00000000234a0000,0x00000000235a0000)]
  0x000000001f3f0800 JavaThread "pool-3-thread-2" [_thread_in_Java, id=25608, stack(0x00000000233a0000,0x00000000234a0000)]
  0x000000001f3ee800 JavaThread "pool-3-thread-1" [_thread_in_Java, id=25036, stack(0x00000000232a0000,0x00000000233a0000)]
  0x000000001f3e6000 JavaThread "ForkJoinPool.commonPool-worker-3" daemon [_thread_blocked, id=17480, stack(0x00000000231a0000,0x00000000232a0000)]
  0x000000001f3ed000 JavaThread "ForkJoinPool.commonPool-worker-2" daemon [_thread_blocked, id=19596, stack(0x0000000022f80000,0x0000000023080000)]
  0x000000001f3e5800 JavaThread "ForkJoinPool.commonPool-worker-1" daemon [_thread_blocked, id=24080, stack(0x0000000022e80000,0x0000000022f80000)]
  0x000000001f3eb800 JavaThread "Task worker for ':' Thread 3" [_thread_blocked, id=19012, stack(0x00000000228d0000,0x00000000229d0000)]
  0x000000001f3e7000 JavaThread "Task worker for ':' Thread 2" [_thread_blocked, id=20144, stack(0x00000000227d0000,0x00000000228d0000)]
  0x000000001f3e4000 JavaThread "Task worker for ':'" [_thread_blocked, id=20800, stack(0x00000000226d0000,0x00000000227d0000)]
  0x000000001f3e4800 JavaThread "Cache worker for Build Output Cleanup Cache (C:\Users\M&N\Desktop\0813\.gradle\buildOutputCleanup)" [_thread_blocked, id=21924, stack(0x00000000225d0000,0x00000000226d0000)]
  0x000000001f3ea000 JavaThread "Cache worker for task history cache (C:\Users\M&N\Desktop\0813\.gradle\4.4\taskHistory)" [_thread_blocked, id=15372, stack(0x0000000022010000,0x0000000022110000)]
  0x000000001f3e9000 JavaThread "Cache worker for file content cache (C:\Users\M&N\Desktop\0813\.gradle\4.4\fileContent)" [_thread_blocked, id=15264, stack(0x0000000021890000,0x0000000021990000)]
  0x000000001f3e7800 JavaThread "Memory manager" [_thread_blocked, id=5524, stack(0x0000000021390000,0x0000000021490000)]
  0x000000001ab73800 JavaThread "build operations Thread 4" [_thread_blocked, id=17628, stack(0x0000000020c90000,0x0000000020d90000)]
  0x000000001ab77000 JavaThread "build operations Thread 3" [_thread_blocked, id=24416, stack(0x0000000020b90000,0x0000000020c90000)]
  0x000000001ab72000 JavaThread "build operations Thread 2" [_thread_blocked, id=8112, stack(0x00000000207e0000,0x00000000208e0000)]
  0x000000001ab76000 JavaThread "build operations" [_thread_blocked, id=10512, stack(0x000000001e360000,0x000000001e460000)]
  0x000000001ab75000 JavaThread "Cache worker for Artifact transforms cache (C:\Users\M&N\.gradle\caches\transforms-1)" [_thread_blocked, id=17604, stack(0x000000001dfd0000,0x000000001e0d0000)]
  0x000000001ab74800 JavaThread "Cache worker for file hash cache (C:\Users\M&N\Desktop\0813\.gradle\4.4\fileHashes)" [_thread_blocked, id=25508, stack(0x000000001c900000,0x000000001ca00000)]
  0x000000001ab71800 JavaThread "File lock request listener" [_thread_in_native, id=7448, stack(0x000000001b830000,0x000000001b930000)]
  0x00000000192cc800 JavaThread "Cache worker for file hash cache (C:\Users\M&N\.gradle\caches\4.4\fileHashes)" [_thread_blocked, id=20792, stack(0x000000001b730000,0x000000001b830000)]
  0x0000000019208000 JavaThread "Stdin handler" [_thread_blocked, id=23296, stack(0x000000001a460000,0x000000001a560000)]
  0x00000000191c0800 JavaThread "Asynchronous log dispatcher for DefaultDaemonConnection: socket connection from /127.0.0.1:53935 to /127.0.0.1:53936" [_thread_blocked, id=13504, stack(0x000000001a360000,0x000000001a460000)]
  0x00000000191bc000 JavaThread "Daemon worker" [_thread_in_Java, id=27512, stack(0x000000001a260000,0x000000001a360000)]
  0x00000000191b8800 JavaThread "Cancel handler" [_thread_blocked, id=15908, stack(0x000000001a160000,0x000000001a260000)]
  0x0000000019195800 JavaThread "Handler for socket connection from /127.0.0.1:53935 to /127.0.0.1:53936" [_thread_in_native, id=22572, stack(0x0000000019e60000,0x0000000019f60000)]
  0x0000000018f5d800 JavaThread "Daemon" [_thread_blocked, id=26964, stack(0x0000000019d60000,0x0000000019e60000)]
  0x0000000019152800 JavaThread "Daemon periodic checks" [_thread_blocked, id=21348, stack(0x0000000019c60000,0x0000000019d60000)]
  0x000000001914b000 JavaThread "Incoming local TCP Connector on port 53935" [_thread_in_native, id=17780, stack(0x0000000019a90000,0x0000000019b90000)]
  0x0000000017641000 JavaThread "Service Thread" daemon [_thread_blocked, id=3716, stack(0x0000000017ec0000,0x0000000017fc0000)]
  0x000000001621e000 JavaThread "C1 CompilerThread2" daemon [_thread_blocked, id=24728, stack(0x0000000017dc0000,0x0000000017ec0000)]
  0x000000001621a800 JavaThread "C2 CompilerThread1" daemon [_thread_in_native, id=17952, stack(0x0000000017cc0000,0x0000000017dc0000)]
=>0x00000000161cb000 JavaThread "C2 CompilerThread0" daemon [_thread_in_native, id=21944, stack(0x0000000017bc0000,0x0000000017cc0000)]
  0x00000000161ca000 JavaThread "Attach Listener" daemon [_thread_blocked, id=22304, stack(0x0000000017ac0000,0x0000000017bc0000)]
  0x00000000175c8800 JavaThread "Signal Dispatcher" daemon [_thread_blocked, id=23132, stack(0x00000000179c0000,0x0000000017ac0000)]
  0x000000000284c000 JavaThread "Finalizer" daemon [_thread_blocked, id=26348, stack(0x0000000017430000,0x0000000017530000)]
  0x0000000002841000 JavaThread "Reference Handler" daemon [_thread_blocked, id=11548, stack(0x0000000017330000,0x0000000017430000)]
  0x000000000264d800 JavaThread "main" [_thread_blocked, id=8020, stack(0x0000000002650000,0x0000000002750000)]

Other Threads:
  0x0000000016185800 VMThread [stack: 0x0000000017230000,0x0000000017330000] [id=24032]
  0x0000000017642000 WatcherThread [stack: 0x0000000017fc0000,0x00000000180c0000] [id=19672]

VM state:not at safepoint (normal execution)

VM Mutex/Monitor currently owned by a thread: None

Heap:
 PSYoungGen      total 217088K, used 102669K [0x00000000e0000000, 0x00000000ef500000, 0x0000000100000000)
  eden space 196608K, 52% used [0x00000000e0000000,0x00000000e64437c0,0x00000000ec000000)
  from space 20480K, 0% used [0x00000000ed480000,0x00000000ed480000,0x00000000ee880000)
  to   space 20992K, 0% used [0x00000000ec000000,0x00000000ec000000,0x00000000ed480000)
 ParOldGen       total 143360K, used 37508K [0x00000000a0000000, 0x00000000a8c00000, 0x00000000e0000000)
  object space 143360K, 26% used [0x00000000a0000000,0x00000000a24a11c0,0x00000000a8c00000)
 Metaspace       used 61010K, capacity 63094K, committed 63360K, reserved 1103872K
  class space    used 8282K, capacity 8764K, committed 8832K, reserved 1048576K

Card table byte_map: [0x0000000011c10000,0x0000000011f20000] byte_map_base: 0x0000000011710000

Marking Bits: (ParMarkBitMap*) 0x000000006dad4970
 Begin Bits: [0x0000000012520000, 0x0000000013d20000)
 End Bits:   [0x0000000013d20000, 0x0000000015520000)

Polling page: 0x0000000000650000

CodeCache: size=245760Kb used=22129Kb max_used=22129Kb free=223630Kb
 bounds [0x0000000002850000, 0x0000000003e10000, 0x0000000011850000]
 total_blobs=7963 nmethods=7173 adapters=701
 compilation: enabled

Compilation events (10 events):
Event: 7.187 Thread 0x000000001621e000 8045       1       com.android.tools.r8.graph.DexClass::directMethods (5 bytes)
Event: 7.187 Thread 0x000000001621e000 nmethod 8045 0x0000000003e03190 code [0x0000000003e032e0, 0x0000000003e033f0]
Event: 7.187 Thread 0x000000001621e000 8040       1       java.util.Collections$EmptyMap::isEmpty (2 bytes)
Event: 7.187 Thread 0x000000001621e000 nmethod 8040 0x0000000003e03450 code [0x0000000003e035a0, 0x0000000003e036b0]
Event: 7.187 Thread 0x000000001621e000 8125       1       com.android.tools.r8.com.google.common.collect.AbstractMapBasedMultimap::access$000 (5 bytes)
Event: 7.187 Thread 0x000000001621e000 nmethod 8125 0x0000000003e03710 code [0x0000000003e03860, 0x0000000003e03950]
Event: 7.187 Thread 0x000000001621e000 8068       1       java.util.TreeMap::comparator (5 bytes)
Event: 7.187 Thread 0x000000001621e000 nmethod 8068 0x0000000003e039d0 code [0x0000000003e03b20, 0x0000000003e03c30]
Event: 7.187 Thread 0x000000001621e000 8116       1       com.android.tools.r8.ir.code.ConstClass::isOutConstant (2 bytes)
Event: 7.187 Thread 0x000000001621e000 nmethod 8116 0x0000000003e03c90 code [0x0000000003e03de0, 0x0000000003e03ef0]

GC Heap History (10 events):
Event: 3.265 GC heap before
{Heap before GC invocations=9 (full 2):
 PSYoungGen      total 140800K, used 9724K [0x00000000e0000000, 0x00000000eb680000, 0x0000000100000000)
  eden space 131072K, 0% used [0x00000000e0000000,0x00000000e0000000,0x00000000e8000000)
  from space 9728K, 99% used [0x00000000e8000000,0x00000000e897f238,0x00000000e8980000)
  to   space 12288K, 0% used [0x00000000eaa80000,0x00000000eaa80000,0x00000000eb680000)
 ParOldGen       total 58880K, used 11273K [0x00000000a0000000, 0x00000000a3980000, 0x00000000e0000000)
  object space 58880K, 19% used [0x00000000a0000000,0x00000000a0b02560,0x00000000a3980000)
 Metaspace       used 34600K, capacity 35280K, committed 35416K, reserved 1079296K
  class space    used 4771K, capacity 5000K, committed 5120K, reserved 1048576K
Event: 3.313 GC heap after
Heap after GC invocations=9 (full 2):
 PSYoungGen      total 140800K, used 0K [0x00000000e0000000, 0x00000000eb680000, 0x0000000100000000)
  eden space 131072K, 0% used [0x00000000e0000000,0x00000000e0000000,0x00000000e8000000)
  from space 9728K, 0% used [0x00000000e8000000,0x00000000e8000000,0x00000000e8980000)
  to   space 12288K, 0% used [0x00000000eaa80000,0x00000000eaa80000,0x00000000eb680000)
 ParOldGen       total 97792K, used 19402K [0x00000000a0000000, 0x00000000a5f80000, 0x00000000e0000000)
  object space 97792K, 19% used [0x00000000a0000000,0x00000000a12f2860,0x00000000a5f80000)
 Metaspace       used 34600K, capacity 35280K, committed 35416K, reserved 1079296K
  class space    used 4771K, capacity 5000K, committed 5120K, reserved 1048576K
}
Event: 4.296 GC heap before
{Heap before GC invocations=10 (full 2):
 PSYoungGen      total 140800K, used 131072K [0x00000000e0000000, 0x00000000eb680000, 0x0000000100000000)
  eden space 131072K, 100% used [0x00000000e0000000,0x00000000e8000000,0x00000000e8000000)
  from space 9728K, 0% used [0x00000000e8000000,0x00000000e8000000,0x00000000e8980000)
  to   space 12288K, 0% used [0x00000000eaa80000,0x00000000eaa80000,0x00000000eb680000)
 ParOldGen       total 97792K, used 19402K [0x00000000a0000000, 0x00000000a5f80000, 0x00000000e0000000)
  object space 97792K, 19% used [0x00000000a0000000,0x00000000a12f2860,0x00000000a5f80000)
 Metaspace       used 42937K, capacity 43954K, committed 44160K, reserved 1087488K
  class space    used 5923K, capacity 6238K, committed 6272K, reserved 1048576K
Event: 4.306 GC heap after
Heap after GC invocations=10 (full 2):
 PSYoungGen      total 172032K, used 12287K [0x00000000e0000000, 0x00000000ed100000, 0x0000000100000000)
  eden space 159744K, 0% used [0x00000000e0000000,0x00000000e0000000,0x00000000e9c00000)
  from space 12288K, 99% used [0x00000000eaa80000,0x00000000eb67fc48,0x00000000eb680000)
  to   space 14848K, 0% used [0x00000000e9c00000,0x00000000e9c00000,0x00000000eaa80000)
 ParOldGen       total 97792K, used 21356K [0x00000000a0000000, 0x00000000a5f80000, 0x00000000e0000000)
  object space 97792K, 21% used [0x00000000a0000000,0x00000000a14db140,0x00000000a5f80000)
 Metaspace       used 42937K, capacity 43954K, committed 44160K, reserved 1087488K
  class space    used 5923K, capacity 6238K, committed 6272K, reserved 1048576K
}
Event: 6.143 GC heap before
{Heap before GC invocations=11 (full 2):
 PSYoungGen      total 172032K, used 172031K [0x00000000e0000000, 0x00000000ed100000, 0x0000000100000000)
  eden space 159744K, 100% used [0x00000000e0000000,0x00000000e9c00000,0x00000000e9c00000)
  from space 12288K, 99% used [0x00000000eaa80000,0x00000000eb67fc48,0x00000000eb680000)
  to   space 14848K, 0% used [0x00000000e9c00000,0x00000000e9c00000,0x00000000eaa80000)
 ParOldGen       total 97792K, used 21356K [0x00000000a0000000, 0x00000000a5f80000, 0x00000000e0000000)
  object space 97792K, 21% used [0x00000000a0000000,0x00000000a14db238,0x00000000a5f80000)
 Metaspace       used 54057K, capacity 55896K, committed 56064K, reserved 1097728K
  class space    used 7402K, capacity 7857K, committed 7936K, reserved 1048576K
Event: 6.163 GC heap after
Heap after GC invocations=11 (full 2):
 PSYoungGen      total 174592K, used 14832K [0x00000000e0000000, 0x00000000ee880000, 0x0000000100000000)
  eden space 159744K, 0% used [0x00000000e0000000,0x00000000e0000000,0x00000000e9c00000)
  from space 14848K, 99% used [0x00000000e9c00000,0x00000000eaa7c140,0x00000000eaa80000)
  to   space 20480K, 0% used [0x00000000ed480000,0x00000000ed480000,0x00000000ee880000)
 ParOldGen       total 97792K, used 30710K [0x00000000a0000000, 0x00000000a5f80000, 0x00000000e0000000)
  object space 97792K, 31% used [0x00000000a0000000,0x00000000a1dfdab0,0x00000000a5f80000)
 Metaspace       used 54057K, capacity 55896K, committed 56064K, reserved 1097728K
  class space    used 7402K, capacity 7857K, committed 7936K, reserved 1048576K
}
Event: 6.413 GC heap before
{Heap before GC invocations=12 (full 2):
 PSYoungGen      total 174592K, used 41274K [0x00000000e0000000, 0x00000000ee880000, 0x0000000100000000)
  eden space 159744K, 16% used [0x00000000e0000000,0x00000000e19d2740,0x00000000e9c00000)
  from space 14848K, 99% used [0x00000000e9c00000,0x00000000eaa7c140,0x00000000eaa80000)
  to   space 20480K, 0% used [0x00000000ed480000,0x00000000ed480000,0x00000000ee880000)
 ParOldGen       total 97792K, used 30710K [0x00000000a0000000, 0x00000000a5f80000, 0x00000000e0000000)
  object space 97792K, 31% used [0x00000000a0000000,0x00000000a1dfdab0,0x00000000a5f80000)
 Metaspace       used 56886K, capacity 58854K, committed 59008K, reserved 1099776K
  class space    used 7723K, capacity 8196K, committed 8320K, reserved 1048576K
Event: 6.427 GC heap after
Heap after GC invocations=12 (full 2):
 PSYoungGen      total 217088K, used 13928K [0x00000000e0000000, 0x00000000ef500000, 0x0000000100000000)
  eden space 196608K, 0% used [0x00000000e0000000,0x00000000e0000000,0x00000000ec000000)
  from space 20480K, 68% used [0x00000000ed480000,0x00000000ee21a2a0,0x00000000ee880000)
  to   space 20992K, 0% used [0x00000000ec000000,0x00000000ec000000,0x00000000ed480000)
 ParOldGen       total 97792K, used 37536K [0x00000000a0000000, 0x00000000a5f80000, 0x00000000e0000000)
  object space 97792K, 38% used [0x00000000a0000000,0x00000000a24a81d8,0x00000000a5f80000)
 Metaspace       used 56886K, capacity 58854K, committed 59008K, reserved 1099776K
  class space    used 7723K, capacity 8196K, committed 8320K, reserved 1048576K
}
Event: 6.427 GC heap before
{Heap before GC invocations=13 (full 3):
 PSYoungGen      total 217088K, used 13928K [0x00000000e0000000, 0x00000000ef500000, 0x0000000100000000)
  eden space 196608K, 0% used [0x00000000e0000000,0x00000000e0000000,0x00000000ec000000)
  from space 20480K, 68% used [0x00000000ed480000,0x00000000ee21a2a0,0x00000000ee880000)
  to   space 20992K, 0% used [0x00000000ec000000,0x00000000ec000000,0x00000000ed480000)
 ParOldGen       total 97792K, used 37536K [0x00000000a0000000, 0x00000000a5f80000, 0x00000000e0000000)
  object space 97792K, 38% used [0x00000000a0000000,0x00000000a24a81d8,0x00000000a5f80000)
 Metaspace       used 56886K, capacity 58854K, committed 59008K, reserved 1099776K
  class space    used 7723K, capacity 8196K, committed 8320K, reserved 1048576K
Event: 6.543 GC heap after
Heap after GC invocations=13 (full 3):
 PSYoungGen      total 217088K, used 0K [0x00000000e0000000, 0x00000000ef500000, 0x0000000100000000)
  eden space 196608K, 0% used [0x00000000e0000000,0x00000000e0000000,0x00000000ec000000)
  from space 20480K, 0% used [0x00000000ed480000,0x00000000ed480000,0x00000000ee880000)
  to   space 20992K, 0% used [0x00000000ec000000,0x00000000ec000000,0x00000000ed480000)
 ParOldGen       total 143360K, used 37508K [0x00000000a0000000, 0x00000000a8c00000, 0x00000000e0000000)
  object space 143360K, 26% used [0x00000000a0000000,0x00000000a24a11c0,0x00000000a8c00000)
 Metaspace       used 56842K, capacity 58722K, committed 59008K, reserved 1099776K
  class space    used 7708K, capacity 8170K, committed 8320K, reserved 1048576K
}

Deoptimization events (10 events):
Event: 6.828 Thread 0x000000001f3f0800 Uncommon trap: reason=unstable_if action=reinterpret pc=0x0000000003b4ba90 method=com.android.tools.r8.graph.DexString.countBytes(Ljava/lang/String;)I @ 25
Event: 6.828 Thread 0x000000001f3f0800 Uncommon trap: reason=unstable_if action=reinterpret pc=0x0000000002dd5e2c method=com.android.tools.r8.graph.DexString.countBytes(Ljava/lang/String;)I @ 25
Event: 6.828 Thread 0x000000001f3f0800 Uncommon trap: reason=unstable_if action=reinterpret pc=0x0000000003bb2660 method=com.android.tools.r8.graph.DexString.decode()Ljava/lang/String; @ 53
Event: 6.862 Thread 0x000000001f3ee800 Uncommon trap: reason=class_check action=maybe_recompile pc=0x0000000003d51a80 method=com.android.tools.r8.org.objectweb.asm.ClassReader.readCode(Lcom/android/tools/r8/org/objectweb/asm/MethodVisitor;Lcom/android/tools/r8/org/objectweb/asm/Context;I)V @ 1
Event: 6.865 Thread 0x000000001f3f0800 Uncommon trap: reason=class_check action=maybe_recompile pc=0x0000000003d51a80 method=com.android.tools.r8.org.objectweb.asm.ClassReader.readCode(Lcom/android/tools/r8/org/objectweb/asm/MethodVisitor;Lcom/android/tools/r8/org/objectweb/asm/Context;I)V @ 1
Event: 6.865 Thread 0x000000001f3f0800 Uncommon trap: reason=class_check action=maybe_recompile pc=0x0000000003d51a80 method=com.android.tools.r8.org.objectweb.asm.ClassReader.readCode(Lcom/android/tools/r8/org/objectweb/asm/MethodVisitor;Lcom/android/tools/r8/org/objectweb/asm/Context;I)V @ 1
Event: 6.865 Thread 0x000000001f3f0800 Uncommon trap: reason=class_check action=maybe_recompile pc=0x0000000003d51a80 method=com.android.tools.r8.org.objectweb.asm.ClassReader.readCode(Lcom/android/tools/r8/org/objectweb/asm/MethodVisitor;Lcom/android/tools/r8/org/objectweb/asm/Context;I)V @ 1
Event: 6.889 Thread 0x000000001f3f3000 Uncommon trap: reason=unstable_if action=reinterpret pc=0x0000000003d2c258 method=com.android.tools.r8.ir.regalloc.LiveIntervals.getSplitCovering(I)Lcom/android/tools/r8/ir/regalloc/LiveIntervals; @ 99
Event: 7.018 Thread 0x000000001f3f2000 Uncommon trap: reason=unstable_if action=reinterpret pc=0x0000000002a97b10 method=com.android.tools.r8.it.unimi.dsi.fastutil.ints.Int2ReferenceOpenHashMap.insert(ILjava/lang/Object;)I @ 85
Event: 7.090 Thread 0x000000001f3f0800 Uncommon trap: reason=unstable_if action=reinterpret pc=0x0000000003ce6024 method=com.android.tools.r8.ir.code.ValueType.isWide()Z @ 18

Classes redefined (0 events):
No events

Internal exceptions (10 events):
Event: 6.139 Thread 0x000000001f3ed000 Exception <a 'java/lang/NoSuchMethodError': java.lang.Object.lambda$static$0(Ljava/lang/String;)Z> (0x00000000e9af6a88) thrown at [D:\src\AOSP-openjdk-cygwin\jdk8u\hotspot\src\share\vm\interpreter\linkResolver.cpp, line 584]
Event: 6.171 Thread 0x00000000191bc000 Exception <a 'sun/nio/fs/WindowsException'> (0x00000000e003fc30) thrown at [D:\src\AOSP-openjdk-cygwin\jdk8u\hotspot\src\share\vm\prims\jni.cpp, line 709]
Event: 6.190 Thread 0x00000000191bc000 Exception <a 'sun/nio/fs/WindowsException'> (0x00000000e007a1d0) thrown at [D:\src\AOSP-openjdk-cygwin\jdk8u\hotspot\src\share\vm\prims\jni.cpp, line 709]
Event: 6.246 Thread 0x00000000191bc000 Exception <a 'sun/nio/fs/WindowsException'> (0x00000000e00b37d8) thrown at [D:\src\AOSP-openjdk-cygwin\jdk8u\hotspot\src\share\vm\prims\jni.cpp, line 709]
Event: 6.260 Thread 0x00000000191bc000 Exception <a 'sun/nio/fs/WindowsException'> (0x00000000e00e5220) thrown at [D:\src\AOSP-openjdk-cygwin\jdk8u\hotspot\src\share\vm\prims\jni.cpp, line 709]
Event: 6.272 Thread 0x00000000191bc000 Exception <a 'sun/nio/fs/WindowsException'> (0x00000000e016a1a0) thrown at [D:\src\AOSP-openjdk-cygwin\jdk8u\hotspot\src\share\vm\prims\jni.cpp, line 709]
Event: 6.291 Thread 0x00000000191bc000 Exception <a 'sun/nio/fs/WindowsException'> (0x00000000e01c68a8) thrown at [D:\src\AOSP-openjdk-cygwin\jdk8u\hotspot\src\share\vm\prims\jni.cpp, line 709]
Event: 6.383 Thread 0x00000000191bc000 Exception <a 'sun/nio/fs/WindowsException'> (0x00000000e020f708) thrown at [D:\src\AOSP-openjdk-cygwin\jdk8u\hotspot\src\share\vm\prims\jni.cpp, line 709]
Event: 6.582 Thread 0x000000001f3ee800 Exception <a 'java/lang/NoSuchMethodError': java.lang.Object.lambda$comparingInt$7b0bb60$1(Ljava/util/function/ToIntFunction;Ljava/lang/Object;Ljava/lang/Object;)I> (0x00000000e08488c0) thrown at [D:\src\AOSP-openjdk-cygwin\jdk8u\hotspot\src\share\vm\inte
Event: 6.627 Thread 0x00000000191bc000 Exception <a 'sun/nio/fs/WindowsException'> (0x00000000e0030258) thrown at [D:\src\AOSP-openjdk-cygwin\jdk8u\hotspot\src\share\vm\prims\jni.cpp, line 709]

Events (10 events):
Event: 7.132 Thread 0x000000001621e000 flushing nmethod 0x0000000003741410
Event: 7.132 Thread 0x000000001621e000 flushing nmethod 0x0000000003753450
Event: 7.132 Thread 0x000000001621e000 flushing nmethod 0x000000000377d550
Event: 7.132 Thread 0x000000001621e000 flushing nmethod 0x000000000377d8d0
Event: 7.132 Thread 0x000000001621e000 flushing nmethod 0x0000000003835a90
Event: 7.132 Thread 0x000000001621e000 flushing nmethod 0x000000000384c5d0
Event: 7.132 Thread 0x000000001621e000 flushing nmethod 0x000000000386d110
Event: 7.132 Thread 0x000000001621e000 flushing nmethod 0x00000000039b0b50
Event: 7.152 Thread 0x000000001f3f3000 DEOPT PACKING pc=0x0000000002c168c2 sp=0x000000002369eed0
Event: 7.152 Thread 0x000000001f3f3000 DEOPT UNPACKING pc=0x00000000028975d0 sp=0x000000002369ebf8 mode 0


Dynamic libraries:
0x00007ff74dde0000 - 0x00007ff74de11000 	C:\Program Files\Android\Android Studio\jre\bin\java.exe
0x00007ffe82f30000 - 0x00007ffe83111000 	C:\Windows\SYSTEM32\ntdll.dll
0x00007ffe80d40000 - 0x00007ffe80df2000 	C:\Windows\System32\KERNEL32.DLL
0x00007ffe7fd00000 - 0x00007ffe7ff73000 	C:\Windows\System32\KERNELBASE.dll
0x00007ffe80c90000 - 0x00007ffe80d31000 	C:\Windows\System32\ADVAPI32.dll
0x00007ffe80520000 - 0x00007ffe805be000 	C:\Windows\System32\msvcrt.dll
0x00007ffe81390000 - 0x00007ffe813eb000 	C:\Windows\System32\sechost.dll
0x00007ffe82dd0000 - 0x00007ffe82ef4000 	C:\Windows\System32\RPCRT4.dll
0x00007ffe80b00000 - 0x00007ffe80c90000 	C:\Windows\System32\USER32.dll
0x00007ffe7ffd0000 - 0x00007ffe7fff0000 	C:\Windows\System32\win32u.dll
0x00007ffe81790000 - 0x00007ffe817b8000 	C:\Windows\System32\GDI32.dll
0x00007ffe7fb60000 - 0x00007ffe7fcf2000 	C:\Windows\System32\gdi32full.dll
0x00007ffe7f300000 - 0x00007ffe7f39f000 	C:\Windows\System32\msvcp_win.dll
0x00007ffe7fff0000 - 0x00007ffe800ea000 	C:\Windows\System32\ucrtbase.dll
0x00007ffe72bf0000 - 0x00007ffe72e59000 	C:\Windows\WinSxS\amd64_microsoft.windows.common-controls_6595b64144ccf1df_6.0.17134.228_none_fb4599993062b194\COMCTL32.dll
0x00007ffe81460000 - 0x00007ffe81783000 	C:\Windows\System32\combase.dll
0x00007ffe80150000 - 0x00007ffe801ca000 	C:\Windows\System32\bcryptPrimitives.dll
0x00007ffe80620000 - 0x00007ffe8064d000 	C:\Windows\System32\IMM32.DLL
0x000000006d150000 - 0x000000006d222000 	C:\Program Files\Android\Android Studio\jre\jre\bin\msvcr100.dll
0x000000006d310000 - 0x000000006db4f000 	C:\Program Files\Android\Android Studio\jre\jre\bin\server\jvm.dll
0x00007ffe82dc0000 - 0x00007ffe82dc8000 	C:\Windows\System32\PSAPI.DLL
0x00007ffe7c530000 - 0x00007ffe7c539000 	C:\Windows\SYSTEM32\WSOCK32.dll
0x00007ffe7de70000 - 0x00007ffe7de7a000 	C:\Windows\SYSTEM32\VERSION.dll
0x00007ffe74390000 - 0x00007ffe743b3000 	C:\Windows\SYSTEM32\WINMM.dll
0x00007ffe81320000 - 0x00007ffe8138c000 	C:\Windows\System32\WS2_32.dll
0x00007ffe742c0000 - 0x00007ffe742ea000 	C:\Windows\SYSTEM32\WINMMBASE.dll
0x00007ffe7ff80000 - 0x00007ffe7ffc9000 	C:\Windows\System32\cfgmgr32.dll
0x00007ffe7c520000 - 0x00007ffe7c52f000 	C:\Program Files\Android\Android Studio\jre\jre\bin\verify.dll
0x00007ffe7c4f0000 - 0x00007ffe7c519000 	C:\Program Files\Android\Android Studio\jre\jre\bin\java.dll
0x00007ffe7c490000 - 0x00007ffe7c4a6000 	C:\Program Files\Android\Android Studio\jre\jre\bin\zip.dll
0x00007ffe81980000 - 0x00007ffe82dc0000 	C:\Windows\System32\SHELL32.dll
0x00007ffe818d0000 - 0x00007ffe81979000 	C:\Windows\System32\shcore.dll
0x00007ffe7f3a0000 - 0x00007ffe7faad000 	C:\Windows\System32\windows.storage.dll
0x00007ffe805c0000 - 0x00007ffe80611000 	C:\Windows\System32\shlwapi.dll
0x00007ffe7f250000 - 0x00007ffe7f261000 	C:\Windows\System32\kernel.appcore.dll
0x00007ffe7f290000 - 0x00007ffe7f2af000 	C:\Windows\System32\profapi.dll
0x00007ffe7f2b0000 - 0x00007ffe7f2fc000 	C:\Windows\System32\powrprof.dll
0x00007ffe7f240000 - 0x00007ffe7f24a000 	C:\Windows\System32\FLTLIB.DLL
0x00007ffe7c470000 - 0x00007ffe7c48a000 	C:\Program Files\Android\Android Studio\jre\jre\bin\net.dll
0x00007ffe7eac0000 - 0x00007ffe7eb26000 	C:\Windows\system32\mswsock.dll
0x00007ffe7a690000 - 0x00007ffe7a6a1000 	C:\Program Files\Android\Android Studio\jre\jre\bin\nio.dll
0x00007ffe75d90000 - 0x00007ffe75dae000 	C:\Users\M&N\.gradle\native\25\windows-amd64\native-platform.dll
0x00007ffe7d490000 - 0x00007ffe7d49d000 	C:\Program Files\Android\Android Studio\jre\jre\bin\management.dll
0x00007ffe7ec70000 - 0x00007ffe7ec87000 	C:\Windows\SYSTEM32\CRYPTSP.dll
0x00007ffe7e640000 - 0x00007ffe7e673000 	C:\Windows\system32\rsaenh.dll
0x00007ffe7eda0000 - 0x00007ffe7edc5000 	C:\Windows\SYSTEM32\bcrypt.dll
0x00007ffe7f140000 - 0x00007ffe7f168000 	C:\Windows\SYSTEM32\USERENV.dll
0x00007ffe7ec90000 - 0x00007ffe7ec9b000 	C:\Windows\SYSTEM32\CRYPTBASE.dll
0x00007ffe7e840000 - 0x00007ffe7e878000 	C:\Windows\SYSTEM32\IPHLPAPI.DLL
0x00007ffe813f0000 - 0x00007ffe813f8000 	C:\Windows\System32\NSI.dll
0x00007ffe7a040000 - 0x00007ffe7a056000 	C:\Windows\SYSTEM32\dhcpcsvc6.DLL
0x00007ffe7a020000 - 0x00007ffe7a03a000 	C:\Windows\SYSTEM32\dhcpcsvc.DLL
0x00007ffe7e330000 - 0x00007ffe7e361000 	C:\Windows\SYSTEM32\ntmarta.dll

VM Arguments:
jvm_args: -Xmx1536m -Dfile.encoding=x-windows-949 -Duser.country=KR -Duser.language=ko -Duser.variant 
java_command: org.gradle.launcher.daemon.bootstrap.GradleDaemon 4.4
java_class_path (initial): C:\Users\M&N\.gradle\wrapper\dists\gradle-4.4-all\9br9xq1tocpiv8o6njlyu5op1\gradle-4.4\lib\gradle-launcher-4.4.jar
Launcher Type: SUN_STANDARD

Environment Variables:
PATH=C:\Program Files (x86)\Common Files\Oracle\Java\javapath;C:\Windows\system32;C:\Windows;C:\Windows\System32\Wbem;C:\Windows\System32\WindowsPowerShell\v1.0\;C:\Windows\System32\OpenSSH\;C:\Program Files (x86)\NVIDIA Corporation\PhysX\Common;C:\Users\M&N\AppData\Local\Android\Sdk\platform-tools;C:\Program Files\Git\cmd;C:\Users\M&N\AppData\Local\Microsoft\WindowsApps;
USERNAME=M&N
OS=Windows_NT
PROCESSOR_IDENTIFIER=Intel64 Family 6 Model 94 Stepping 3, GenuineIntel



---------------  S Y S T E M  ---------------

OS: Windows 10.0 , 64 bit Build 17134 (10.0.17134.1)

CPU:total 4 (initial active 4) (4 cores per cpu, 1 threads per core) family 6 model 94 stepping 3, cmov, cx8, fxsr, mmx, sse, sse2, sse3, ssse3, sse4.1, sse4.2, popcnt, avx, avx2, aes, clmul, erms, rtm, 3dnowpref, lzcnt, tsc, tscinvbit, bmi1, bmi2, adx

Memory: 4k page, physical 8339612k(1903744k free), swap 33505436k(5240k free)

vm_info: OpenJDK 64-Bit Server VM (25.152-b02) for windows-amd64 JRE (1.8.0_152-release-1024-b02), built by "builder" with MS VC++ 10.0 (VS2010)

time: Thu Sep 06 09:12:37 2018
elapsed time: 7 seconds (0d 0h 0m 7s)

