#
# There is insufficient memory for the Java Runtime Environment to continue.
# Native memory allocation (malloc) failed to allocate 2556336 bytes for Chunk::new
# Possible reasons:
#   The system is out of physical RAM or swap space
#   In 32 bit mode, the process size limit was hit
# Possible solutions:
#   Reduce memory load on the system
#   Increase physical memory or swap space
#   Check if swap backing store is full
#   Use 64 bit Java on a 64 bit OS
#   Decrease Java heap size (-Xmx/-Xms)
#   Decrease number of Java threads
#   Decrease Java thread stack sizes (-Xss)
#   Set larger code cache with -XX:ReservedCodeCacheSize=
# This output file may be truncated or incomplete.
#
#  Out of Memory Error (allocation.cpp:390), pid=24096, tid=0x0000000000006a2c
#
# JRE version: OpenJDK Runtime Environment (8.0_152-b02) (build 1.8.0_152-release-1024-b02)
# Java VM: OpenJDK 64-Bit Server VM (25.152-b02 mixed mode windows-amd64 compressed oops)
# Failed to write core dump. Minidumps are not enabled by default on client versions of Windows
#

---------------  T H R E A D  ---------------

Current thread (0x0000000016369000):  JavaThread "C2 CompilerThread0" daemon [_thread_in_native, id=27180, stack(0x0000000017cf0000,0x0000000017df0000)]

Stack: [0x0000000017cf0000,0x0000000017df0000]
[error occurred during error reporting (printing stack bounds), id 0xc0000005]

Native frames: (J=compiled Java code, j=interpreted, Vv=VM code, C=native code)


Current CompileTask:
C2: 192150 10512   !   4       java.net.URLClassLoader$1::run (63 bytes)


---------------  P R O C E S S  ---------------

Java Threads: ( => current thread )
  0x0000000018601800 JavaThread "pool-2-thread-2" [_thread_blocked, id=14104, stack(0x0000000027400000,0x0000000027500000)]
  0x0000000018604800 JavaThread "pool-3-thread-2" [_thread_blocked, id=23924, stack(0x0000000027300000,0x0000000027400000)]
  0x0000000018604000 JavaThread "pool-2-thread-1" [_thread_in_native, id=22276, stack(0x0000000027200000,0x0000000027300000)]
  0x0000000018603000 JavaThread "pool-3-thread-1" [_thread_in_vm, id=15008, stack(0x0000000027100000,0x0000000027200000)]
  0x000000001ba53000 JavaThread "ForkJoinPool.commonPool-worker-1" daemon [_thread_blocked, id=22464, stack(0x0000000027000000,0x0000000027100000)]
  0x000000001ba52800 JavaThread "ForkJoinPool.commonPool-worker-0" daemon [_thread_blocked, id=13484, stack(0x0000000026f00000,0x0000000027000000)]
  0x000000001ba50000 JavaThread "ForkJoinPool.commonPool-worker-3" daemon [_thread_in_vm, id=16644, stack(0x0000000026e00000,0x0000000026f00000)]
  0x000000001ba51800 JavaThread "Cache worker for Java compile cache (C:\Users\M&N\Desktop\0813\.gradle\4.4\javaCompile)" [_thread_blocked, id=24344, stack(0x0000000026d00000,0x0000000026e00000)]
  0x000000001ba4e000 JavaThread "Task worker for ':' Thread 3" [_thread_blocked, id=8036, stack(0x0000000026c00000,0x0000000026d00000)]
  0x000000001ba4f800 JavaThread "Task worker for ':' Thread 2" [_thread_blocked, id=25120, stack(0x0000000026b00000,0x0000000026c00000)]
  0x000000001ba4d000 JavaThread "Task worker for ':'" [_thread_blocked, id=17720, stack(0x0000000026a00000,0x0000000026b00000)]
  0x000000001ba51000 JavaThread "Cache worker for Build Output Cleanup Cache (C:\Users\M&N\Desktop\0813\.gradle\buildOutputCleanup)" [_thread_blocked, id=20100, stack(0x0000000026900000,0x0000000026a00000)]
  0x000000001ba45000 JavaThread "Cache worker for task history cache (C:\Users\M&N\Desktop\0813\.gradle\4.4\taskHistory)" [_thread_blocked, id=25732, stack(0x0000000026800000,0x0000000026900000)]
  0x000000001ba4b800 JavaThread "Cache worker for file content cache (C:\Users\M&N\Desktop\0813\.gradle\4.4\fileContent)" [_thread_blocked, id=10692, stack(0x0000000026700000,0x0000000026800000)]
  0x000000001ba48000 JavaThread "build operations Thread 4" [_thread_blocked, id=9192, stack(0x0000000026600000,0x0000000026700000)]
  0x000000001ba44000 JavaThread "build operations Thread 3" [_thread_blocked, id=20688, stack(0x0000000026500000,0x0000000026600000)]
  0x000000001ba46800 JavaThread "build operations Thread 2" [_thread_blocked, id=19196, stack(0x0000000026400000,0x0000000026500000)]
  0x000000001ba4b000 JavaThread "build operations" [_thread_blocked, id=12820, stack(0x0000000026300000,0x0000000026400000)]
  0x000000001ba4a000 JavaThread "Cache worker for Artifact transforms cache (C:\Users\M&N\.gradle\caches\transforms-1)" [_thread_blocked, id=11896, stack(0x0000000026200000,0x0000000026300000)]
  0x000000001ba49800 JavaThread "Cache worker for file hash cache (C:\Users\M&N\Desktop\0813\.gradle\4.4\fileHashes)" [_thread_blocked, id=25636, stack(0x0000000026100000,0x0000000026200000)]
  0x000000001ba47000 JavaThread "Stdin handler" [_thread_blocked, id=22648, stack(0x0000000026000000,0x0000000026100000)]
  0x000000001b842000 JavaThread "Asynchronous log dispatcher for DefaultDaemonConnection: socket connection from /127.0.0.1:53527 to /127.0.0.1:53732" [_thread_blocked, id=15684, stack(0x0000000025f00000,0x0000000026000000)]
  0x000000001b841800 JavaThread "Daemon worker Thread 3" [_thread_blocked, id=19636, stack(0x0000000025e00000,0x0000000025f00000)]
  0x000000001b83d800 JavaThread "Cancel handler" [_thread_blocked, id=26352, stack(0x0000000025d00000,0x0000000025e00000)]
  0x000000001b83c000 JavaThread "Handler for socket connection from /127.0.0.1:53527 to /127.0.0.1:53732" [_thread_in_native, id=4228, stack(0x0000000025c00000,0x0000000025d00000)]
  0x000000001b840000 JavaThread "Daemon Thread 3" [_thread_blocked, id=25572, stack(0x0000000025b00000,0x0000000025c00000)]
  0x000000001b83e800 JavaThread "Memory manager" [_thread_blocked, id=16608, stack(0x00000000214b0000,0x00000000215b0000)]
  0x00000000193c6800 JavaThread "File lock request listener" [_thread_in_native, id=19588, stack(0x000000001a990000,0x000000001aa90000)]
  0x00000000193c5800 JavaThread "Cache worker for file hash cache (C:\Users\M&N\.gradle\caches\4.4\fileHashes)" [_thread_blocked, id=18856, stack(0x000000001a890000,0x000000001a990000)]
  0x0000000019278000 JavaThread "Daemon periodic checks" [_thread_blocked, id=18736, stack(0x0000000019d90000,0x0000000019e90000)]
  0x000000001926a800 JavaThread "Incoming local TCP Connector on port 53527" [_thread_in_native, id=27112, stack(0x0000000019bc0000,0x0000000019cc0000)]
  0x000000001777a000 JavaThread "Service Thread" daemon [_thread_blocked, id=13640, stack(0x0000000017ff0000,0x00000000180f0000)]
  0x00000000176fb000 JavaThread "C1 CompilerThread2" daemon [_thread_in_vm, id=6584, stack(0x0000000017ef0000,0x0000000017ff0000)]
  0x000000001636c800 JavaThread "C2 CompilerThread1" daemon [_thread_blocked, id=23904, stack(0x0000000017df0000,0x0000000017ef0000)]
=>0x0000000016369000 JavaThread "C2 CompilerThread0" daemon [_thread_in_native, id=27180, stack(0x0000000017cf0000,0x0000000017df0000)]
  0x00000000176f8800 JavaThread "Attach Listener" daemon [_thread_blocked, id=14644, stack(0x0000000017bf0000,0x0000000017cf0000)]
  0x000000001631e800 JavaThread "Signal Dispatcher" daemon [_thread_blocked, id=20744, stack(0x0000000017af0000,0x0000000017bf0000)]
  0x000000000299b800 JavaThread "Finalizer" daemon [_thread_blocked, id=11076, stack(0x0000000017560000,0x0000000017660000)]
  0x0000000002991000 JavaThread "Reference Handler" daemon [_thread_blocked, id=11512, stack(0x0000000017460000,0x0000000017560000)]
  0x000000000289d800 JavaThread "main" [_thread_blocked, id=23272, stack(0x0000000002730000,0x0000000002830000)]

Other Threads:
  0x00000000162d5800 VMThread [stack: 0x0000000017360000,0x0000000017460000] [id=22044]
  0x000000001777b000 WatcherThread [stack: 0x00000000180f0000,0x00000000181f0000] [id=25772]

VM state:not at safepoint (normal execution)

VM Mutex/Monitor currently owned by a thread:  ([mutex/lock_event])
[0x000000000289bf80] CodeCache_lock - owner thread: 0x0000000000000000

Heap:
 PSYoungGen      total 224256K, used 148375K [0x00000000e0000000, 0x00000000f1f80000, 0x0000000100000000)
  eden space 202240K, 67% used [0x00000000e0000000,0x00000000e84fd5f0,0x00000000ec580000)
  from space 22016K, 55% used [0x00000000ec580000,0x00000000ed168950,0x00000000edb00000)
  to   space 21504K, 0% used [0x00000000f0a80000,0x00000000f0a80000,0x00000000f1f80000)
 ParOldGen       total 96768K, used 44159K [0x00000000a0000000, 0x00000000a5e80000, 0x00000000e0000000)
  object space 96768K, 45% used [0x00000000a0000000,0x00000000a2b1fda0,0x00000000a5e80000)
 Metaspace       used 69710K, capacity 72552K, committed 72832K, reserved 1112064K
  class space    used 9141K, capacity 9801K, committed 9856K, reserved 1048576K

Card table byte_map: [0x0000000011d60000,0x0000000012070000] byte_map_base: 0x0000000011860000

Marking Bits: (ParMarkBitMap*) 0x000000006dad4970
 Begin Bits: [0x0000000012670000, 0x0000000013e70000)
 End Bits:   [0x0000000013e70000, 0x0000000015670000)

Polling page: 0x0000000000ba0000

CodeCache: size=245760Kb used=33089Kb max_used=33203Kb free=212670Kb
 bounds [0x00000000029a0000, 0x0000000004a30000, 0x00000000119a0000]
 total_blobs=10479 nmethods=9668 adapters=723
 compilation: enabled

Compilation events (10 events):
Event: 192.114 Thread 0x00000000176fb000 nmethod 11196 0x0000000004a23190 code [0x0000000004a23300, 0x0000000004a237f8]
Event: 192.114 Thread 0x000000001636c800 nmethod 11190 0x0000000003538c10 code [0x0000000003538da0, 0x0000000003539488]
Event: 192.125 Thread 0x00000000176fb000 11197       1       com.android.tools.r8.graph.DexProgramClass::lambda$sortEncodedFields$0 (5 bytes)
Event: 192.125 Thread 0x00000000176fb000 nmethod 11197 0x00000000038f1b10 code [0x00000000038f1c60, 0x00000000038f1d50]
Event: 192.125 Thread 0x000000001636c800 11198       4       com.android.tools.r8.graph.IndexedDexItem::sortedCompareTo (50 bytes)
Event: 192.125 Thread 0x000000001636c800 nmethod 11198 0x000000000471c590 code [0x000000000471c6c0, 0x000000000471c738]
Event: 192.125 Thread 0x00000000176fb000 11199       1       java.util.stream.MatchOps$BooleanTerminalSink::cancellationRequested (5 bytes)
Event: 192.125 Thread 0x00000000176fb000 nmethod 11199 0x000000000378f610 code [0x000000000378f760, 0x000000000378f870]
Event: 192.126 Thread 0x00000000176fb000 11201       3       com.android.tools.r8.code.Instruction::write16BitValue (8 bytes)
Event: 192.126 Thread 0x00000000176fb000 nmethod 11201 0x0000000003109ed0 code [0x000000000310a040, 0x000000000310a268]

GC Heap History (10 events):
Event: 5.980 GC heap before
{Heap before GC invocations=10 (full 2):
 PSYoungGen      total 140800K, used 131072K [0x00000000e0000000, 0x00000000eb780000, 0x0000000100000000)
  eden space 131072K, 100% used [0x00000000e0000000,0x00000000e8000000,0x00000000e8000000)
  from space 9728K, 0% used [0x00000000e8000000,0x00000000e8000000,0x00000000e8980000)
  to   space 12288K, 0% used [0x00000000eab80000,0x00000000eab80000,0x00000000eb780000)
 ParOldGen       total 96768K, used 19431K [0x00000000a0000000, 0x00000000a5e80000, 0x00000000e0000000)
  object space 96768K, 20% used [0x00000000a0000000,0x00000000a12f9ef8,0x00000000a5e80000)
 Metaspace       used 42994K, capacity 44018K, committed 44160K, reserved 1087488K
  class space    used 5929K, capacity 6238K, committed 6272K, reserved 1048576K
Event: 5.998 GC heap after
Heap after GC invocations=10 (full 2):
 PSYoungGen      total 173056K, used 12283K [0x00000000e0000000, 0x00000000ed800000, 0x0000000100000000)
  eden space 160768K, 0% used [0x00000000e0000000,0x00000000e0000000,0x00000000e9d00000)
  from space 12288K, 99% used [0x00000000eab80000,0x00000000eb77ed90,0x00000000eb780000)
  to   space 14848K, 0% used [0x00000000e9d00000,0x00000000e9d00000,0x00000000eab80000)
 ParOldGen       total 96768K, used 21420K [0x00000000a0000000, 0x00000000a5e80000, 0x00000000e0000000)
  object space 96768K, 22% used [0x00000000a0000000,0x00000000a14eb378,0x00000000a5e80000)
 Metaspace       used 42994K, capacity 44018K, committed 44160K, reserved 1087488K
  class space    used 5929K, capacity 6238K, committed 6272K, reserved 1048576K
}
Event: 7.858 GC heap before
{Heap before GC invocations=11 (full 2):
 PSYoungGen      total 173056K, used 173051K [0x00000000e0000000, 0x00000000ed800000, 0x0000000100000000)
  eden space 160768K, 100% used [0x00000000e0000000,0x00000000e9d00000,0x00000000e9d00000)
  from space 12288K, 99% used [0x00000000eab80000,0x00000000eb77ed90,0x00000000eb780000)
  to   space 14848K, 0% used [0x00000000e9d00000,0x00000000e9d00000,0x00000000eab80000)
 ParOldGen       total 96768K, used 21420K [0x00000000a0000000, 0x00000000a5e80000, 0x00000000e0000000)
  object space 96768K, 22% used [0x00000000a0000000,0x00000000a14eb378,0x00000000a5e80000)
 Metaspace       used 54799K, capacity 56498K, committed 56704K, reserved 1097728K
  class space    used 7536K, capacity 7950K, committed 8064K, reserved 1048576K
Event: 7.874 GC heap after
Heap after GC invocations=11 (full 2):
 PSYoungGen      total 175616K, used 14837K [0x00000000e0000000, 0x00000000ef000000, 0x0000000100000000)
  eden space 160768K, 0% used [0x00000000e0000000,0x00000000e0000000,0x00000000e9d00000)
  from space 14848K, 99% used [0x00000000e9d00000,0x00000000eab7d500,0x00000000eab80000)
  to   space 21504K, 0% used [0x00000000edb00000,0x00000000edb00000,0x00000000ef000000)
 ParOldGen       total 96768K, used 33303K [0x00000000a0000000, 0x00000000a5e80000, 0x00000000e0000000)
  object space 96768K, 34% used [0x00000000a0000000,0x00000000a2085ce0,0x00000000a5e80000)
 Metaspace       used 54799K, capacity 56498K, committed 56704K, reserved 1097728K
  class space    used 7536K, capacity 7950K, committed 8064K, reserved 1048576K
}
Event: 8.135 GC heap before
{Heap before GC invocations=12 (full 2):
 PSYoungGen      total 175616K, used 31254K [0x00000000e0000000, 0x00000000ef000000, 0x0000000100000000)
  eden space 160768K, 10% used [0x00000000e0000000,0x00000000e1008598,0x00000000e9d00000)
  from space 14848K, 99% used [0x00000000e9d00000,0x00000000eab7d500,0x00000000eab80000)
  to   space 21504K, 0% used [0x00000000edb00000,0x00000000edb00000,0x00000000ef000000)
 ParOldGen       total 96768K, used 33303K [0x00000000a0000000, 0x00000000a5e80000, 0x00000000e0000000)
  object space 96768K, 34% used [0x00000000a0000000,0x00000000a2085ce0,0x00000000a5e80000)
 Metaspace       used 57201K, capacity 58898K, committed 59008K, reserved 1099776K
  class space    used 7807K, capacity 8238K, committed 8320K, reserved 1048576K
Event: 8.148 GC heap after
Heap after GC invocations=12 (full 2):
 PSYoungGen      total 223744K, used 14329K [0x00000000e0000000, 0x00000000efd80000, 0x0000000100000000)
  eden space 202240K, 0% used [0x00000000e0000000,0x00000000e0000000,0x00000000ec580000)
  from space 21504K, 66% used [0x00000000edb00000,0x00000000ee8fe668,0x00000000ef000000)
  to   space 22016K, 0% used [0x00000000ec580000,0x00000000ec580000,0x00000000edb00000)
 ParOldGen       total 96768K, used 38343K [0x00000000a0000000, 0x00000000a5e80000, 0x00000000e0000000)
  object space 96768K, 39% used [0x00000000a0000000,0x00000000a2571c18,0x00000000a5e80000)
 Metaspace       used 57201K, capacity 58898K, committed 59008K, reserved 1099776K
  class space    used 7807K, capacity 8238K, committed 8320K, reserved 1048576K
}
Event: 8.148 GC heap before
{Heap before GC invocations=13 (full 3):
 PSYoungGen      total 223744K, used 14329K [0x00000000e0000000, 0x00000000efd80000, 0x0000000100000000)
  eden space 202240K, 0% used [0x00000000e0000000,0x00000000e0000000,0x00000000ec580000)
  from space 21504K, 66% used [0x00000000edb00000,0x00000000ee8fe668,0x00000000ef000000)
  to   space 22016K, 0% used [0x00000000ec580000,0x00000000ec580000,0x00000000edb00000)
 ParOldGen       total 96768K, used 38343K [0x00000000a0000000, 0x00000000a5e80000, 0x00000000e0000000)
  object space 96768K, 39% used [0x00000000a0000000,0x00000000a2571c18,0x00000000a5e80000)
 Metaspace       used 57201K, capacity 58898K, committed 59008K, reserved 1099776K
  class space    used 7807K, capacity 8238K, committed 8320K, reserved 1048576K
Event: 8.280 GC heap after
Heap after GC invocations=13 (full 3):
 PSYoungGen      total 223744K, used 0K [0x00000000e0000000, 0x00000000efd80000, 0x0000000100000000)
  eden space 202240K, 0% used [0x00000000e0000000,0x00000000e0000000,0x00000000ec580000)
  from space 21504K, 0% used [0x00000000edb00000,0x00000000edb00000,0x00000000ef000000)
  to   space 22016K, 0% used [0x00000000ec580000,0x00000000ec580000,0x00000000edb00000)
 ParOldGen       total 96768K, used 44151K [0x00000000a0000000, 0x00000000a5e80000, 0x00000000e0000000)
  object space 96768K, 45% used [0x00000000a0000000,0x00000000a2b1dda0,0x00000000a5e80000)
 Metaspace       used 57201K, capacity 58898K, committed 59008K, reserved 1099776K
  class space    used 7807K, capacity 8238K, committed 8320K, reserved 1048576K
}
Event: 189.377 GC heap before
{Heap before GC invocations=14 (full 3):
 PSYoungGen      total 223744K, used 202240K [0x00000000e0000000, 0x00000000efd80000, 0x0000000100000000)
  eden space 202240K, 100% used [0x00000000e0000000,0x00000000ec580000,0x00000000ec580000)
  from space 21504K, 0% used [0x00000000edb00000,0x00000000edb00000,0x00000000ef000000)
  to   space 22016K, 0% used [0x00000000ec580000,0x00000000ec580000,0x00000000edb00000)
 ParOldGen       total 96768K, used 44151K [0x00000000a0000000, 0x00000000a5e80000, 0x00000000e0000000)
  object space 96768K, 45% used [0x00000000a0000000,0x00000000a2b1dda0,0x00000000a5e80000)
 Metaspace       used 62055K, capacity 63990K, committed 64256K, reserved 1105920K
  class space    used 8112K, capacity 8590K, committed 8704K, reserved 1048576K
Event: 189.388 GC heap after
Heap after GC invocations=14 (full 3):
 PSYoungGen      total 224256K, used 12194K [0x00000000e0000000, 0x00000000f1f80000, 0x0000000100000000)
  eden space 202240K, 0% used [0x00000000e0000000,0x00000000e0000000,0x00000000ec580000)
  from space 22016K, 55% used [0x00000000ec580000,0x00000000ed168950,0x00000000edb00000)
  to   space 21504K, 0% used [0x00000000f0a80000,0x00000000f0a80000,0x00000000f1f80000)
 ParOldGen       total 96768K, used 44159K [0x00000000a0000000, 0x00000000a5e80000, 0x00000000e0000000)
  object space 96768K, 45% used [0x00000000a0000000,0x00000000a2b1fda0,0x00000000a5e80000)
 Metaspace       used 62055K, capacity 63990K, committed 64256K, reserved 1105920K
  class space    used 8112K, capacity 8590K, committed 8704K, reserved 1048576K
}

Deoptimization events (10 events):
Event: 191.840 Thread 0x0000000018604800 Uncommon trap: reason=unstable_if action=reinterpret pc=0x0000000002e06654 method=java.util.concurrent.ConcurrentHashMap.addCount(JI)V @ 168
Event: 191.843 Thread 0x0000000018604000 Uncommon trap: reason=unstable_if action=reinterpret pc=0x0000000002e12fb0 method=java.util.concurrent.ConcurrentHashMap.transfer([Ljava/util/concurrent/ConcurrentHashMap$Node;[Ljava/util/concurrent/ConcurrentHashMap$Node;)V @ 351
Event: 191.843 Thread 0x0000000018601800 Uncommon trap: reason=unstable_if action=reinterpret pc=0x0000000002e80204 method=java.util.concurrent.ConcurrentHashMap.addCount(JI)V @ 168
Event: 191.910 Thread 0x0000000018604000 Uncommon trap: reason=unstable_if action=reinterpret pc=0x0000000003214314 method=java.util.WeakHashMap.remove(Ljava/lang/Object;)Ljava/lang/Object; @ 94
Event: 191.921 Thread 0x0000000018601800 Uncommon trap: reason=unstable_if action=reinterpret pc=0x0000000002f53774 method=java.util.WeakHashMap.remove(Ljava/lang/Object;)Ljava/lang/Object; @ 94
Event: 191.975 Thread 0x0000000018604800 Uncommon trap: reason=predicate action=maybe_recompile pc=0x0000000003cec2b8 method=java.util.LinkedList.remove(Ljava/lang/Object;)Z @ 48
Event: 192.047 Thread 0x0000000018604800 Uncommon trap: reason=unstable_if action=reinterpret pc=0x000000000325abd4 method=java.util.HashMap.getNode(ILjava/lang/Object;)Ljava/util/HashMap$Node; @ 84
Event: 192.047 Thread 0x0000000018604800 Uncommon trap: reason=unstable_if action=reinterpret pc=0x0000000003210cac method=java.util.HashMap.getNode(ILjava/lang/Object;)Ljava/util/HashMap$Node; @ 84
Event: 192.066 Thread 0x000000001ba50000 Uncommon trap: reason=unstable_if action=reinterpret pc=0x0000000002f834fc method=java.lang.StringBuffer.toString()Ljava/lang/String; @ 4
Event: 192.094 Thread 0x0000000018604000 Uncommon trap: reason=predicate action=maybe_recompile pc=0x0000000004a18b98 method=java.util.TimSort.binarySort([Ljava/lang/Object;IIILjava/util/Comparator;)V @ 37

Classes redefined (0 events):
No events

Internal exceptions (10 events):
Event: 191.746 Thread 0x000000001ba52800 Exception <a 'java/lang/NoSuchMethodError': java.lang.Object.lambda$and$0(Ljava/util/function/Predicate;Ljava/lang/Object;)Z> (0x00000000e5f5a428) thrown at [D:\src\AOSP-openjdk-cygwin\jdk8u\hotspot\src\share\vm\interpreter\linkResolver.cpp, line 584]
Event: 191.748 Thread 0x000000001ba50000 Exception <a 'java/lang/NoSuchMethodError': java.lang.Object.lambda$static$0(Ljava/lang/String;)Z> (0x00000000e5efa260) thrown at [D:\src\AOSP-openjdk-cygwin\jdk8u\hotspot\src\share\vm\interpreter\linkResolver.cpp, line 584]
Event: 191.772 Thread 0x000000001ba53000 Exception <a 'sun/nio/fs/WindowsException'> (0x00000000e6281090) thrown at [D:\src\AOSP-openjdk-cygwin\jdk8u\hotspot\src\share\vm\prims\jni.cpp, line 709]
Event: 191.777 Thread 0x000000001ba50000 Exception <a 'sun/nio/fs/WindowsException'> (0x00000000e61cf678) thrown at [D:\src\AOSP-openjdk-cygwin\jdk8u\hotspot\src\share\vm\prims\jni.cpp, line 709]
Event: 191.927 Thread 0x0000000018603000 Exception <a 'java/lang/NoSuchMethodError': java.lang.Object.lambda$comparingInt$7b0bb60$1(Ljava/util/function/ToIntFunction;Ljava/lang/Object;Ljava/lang/Object;)I> (0x00000000e7114b80) thrown at [D:\src\AOSP-openjdk-cygwin\jdk8u\hotspot\src\share\vm\inte
Event: 192.113 Thread 0x0000000018604800 Exception <a 'sun/nio/fs/WindowsException'> (0x00000000e8436c20) thrown at [D:\src\AOSP-openjdk-cygwin\jdk8u\hotspot\src\share\vm\prims\jni.cpp, line 709]
Event: 192.115 Thread 0x0000000018604000 Exception <a 'sun/nio/fs/WindowsException'> (0x00000000e83a8af8) thrown at [D:\src\AOSP-openjdk-cygwin\jdk8u\hotspot\src\share\vm\prims\jni.cpp, line 709]
Event: 192.115 Thread 0x0000000018603000 Exception <a 'sun/nio/fs/WindowsException'> (0x00000000e82e19b0) thrown at [D:\src\AOSP-openjdk-cygwin\jdk8u\hotspot\src\share\vm\prims\jni.cpp, line 709]
Event: 192.115 Thread 0x0000000018601800 Exception <a 'sun/nio/fs/WindowsException'> (0x00000000e83f5a88) thrown at [D:\src\AOSP-openjdk-cygwin\jdk8u\hotspot\src\share\vm\prims\jni.cpp, line 709]
Event: 192.125 Thread 0x0000000018604000 Exception <a 'sun/nio/fs/WindowsException'> (0x00000000e83af978) thrown at [D:\src\AOSP-openjdk-cygwin\jdk8u\hotspot\src\share\vm\prims\jni.cpp, line 709]

Events (10 events):
Event: 192.125 Thread 0x00000000176fb000 flushing nmethod 0x0000000003ae0ad0
Event: 192.125 Thread 0x00000000176fb000 flushing nmethod 0x0000000003ae6a90
Event: 192.125 Thread 0x00000000176fb000 flushing nmethod 0x0000000003ae6e10
Event: 192.125 Thread 0x00000000176fb000 flushing nmethod 0x0000000003aedb10
Event: 192.125 Thread 0x00000000176fb000 flushing nmethod 0x0000000003b0cbd0
Event: 192.125 Thread 0x00000000176fb000 flushing nmethod 0x0000000003b25890
Event: 192.125 Thread 0x00000000176fb000 flushing nmethod 0x0000000003b47ad0
Event: 192.125 Thread 0x00000000176fb000 flushing nmethod 0x0000000003b4e450
Event: 192.125 Thread 0x00000000176fb000 flushing nmethod 0x0000000003bc3a90
Event: 192.126 Thread 0x00000000176fb000 flushing nmethod 0x0000000003ceb510


Dynamic libraries:
0x00007ff74dde0000 - 0x00007ff74de11000 	C:\Program Files\Android\Android Studio\jre\bin\java.exe
0x00007ffe82f30000 - 0x00007ffe83111000 	C:\Windows\SYSTEM32\ntdll.dll
0x00007ffe80d40000 - 0x00007ffe80df2000 	C:\Windows\System32\KERNEL32.DLL
0x00007ffe7fd00000 - 0x00007ffe7ff73000 	C:\Windows\System32\KERNELBASE.dll
0x00007ffe80c90000 - 0x00007ffe80d31000 	C:\Windows\System32\ADVAPI32.dll
0x00007ffe80520000 - 0x00007ffe805be000 	C:\Windows\System32\msvcrt.dll
0x00007ffe81390000 - 0x00007ffe813eb000 	C:\Windows\System32\sechost.dll
0x00007ffe82dd0000 - 0x00007ffe82ef4000 	C:\Windows\System32\RPCRT4.dll
0x00007ffe80b00000 - 0x00007ffe80c90000 	C:\Windows\System32\USER32.dll
0x00007ffe7ffd0000 - 0x00007ffe7fff0000 	C:\Windows\System32\win32u.dll
0x00007ffe81790000 - 0x00007ffe817b8000 	C:\Windows\System32\GDI32.dll
0x00007ffe7fb60000 - 0x00007ffe7fcf2000 	C:\Windows\System32\gdi32full.dll
0x00007ffe7f300000 - 0x00007ffe7f39f000 	C:\Windows\System32\msvcp_win.dll
0x00007ffe7fff0000 - 0x00007ffe800ea000 	C:\Windows\System32\ucrtbase.dll
0x00007ffe72bf0000 - 0x00007ffe72e59000 	C:\Windows\WinSxS\amd64_microsoft.windows.common-controls_6595b64144ccf1df_6.0.17134.228_none_fb4599993062b194\COMCTL32.dll
0x00007ffe81460000 - 0x00007ffe81783000 	C:\Windows\System32\combase.dll
0x00007ffe80150000 - 0x00007ffe801ca000 	C:\Windows\System32\bcryptPrimitives.dll
0x00007ffe80620000 - 0x00007ffe8064d000 	C:\Windows\System32\IMM32.DLL
0x000000006d150000 - 0x000000006d222000 	C:\Program Files\Android\Android Studio\jre\jre\bin\msvcr100.dll
0x000000006d310000 - 0x000000006db4f000 	C:\Program Files\Android\Android Studio\jre\jre\bin\server\jvm.dll
0x00007ffe82dc0000 - 0x00007ffe82dc8000 	C:\Windows\System32\PSAPI.DLL
0x00007ffe7c530000 - 0x00007ffe7c539000 	C:\Windows\SYSTEM32\WSOCK32.dll
0x00007ffe74390000 - 0x00007ffe743b3000 	C:\Windows\SYSTEM32\WINMM.dll
0x00007ffe7de70000 - 0x00007ffe7de7a000 	C:\Windows\SYSTEM32\VERSION.dll
0x00007ffe81320000 - 0x00007ffe8138c000 	C:\Windows\System32\WS2_32.dll
0x00007ffe742c0000 - 0x00007ffe742ea000 	C:\Windows\SYSTEM32\WINMMBASE.dll
0x00007ffe7ff80000 - 0x00007ffe7ffc9000 	C:\Windows\System32\cfgmgr32.dll
0x00007ffe7c520000 - 0x00007ffe7c52f000 	C:\Program Files\Android\Android Studio\jre\jre\bin\verify.dll
0x00007ffe7c4f0000 - 0x00007ffe7c519000 	C:\Program Files\Android\Android Studio\jre\jre\bin\java.dll
0x00007ffe7c490000 - 0x00007ffe7c4a6000 	C:\Program Files\Android\Android Studio\jre\jre\bin\zip.dll
0x00007ffe81980000 - 0x00007ffe82dc0000 	C:\Windows\System32\SHELL32.dll
0x00007ffe818d0000 - 0x00007ffe81979000 	C:\Windows\System32\shcore.dll
0x00007ffe7f3a0000 - 0x00007ffe7faad000 	C:\Windows\System32\windows.storage.dll
0x00007ffe805c0000 - 0x00007ffe80611000 	C:\Windows\System32\shlwapi.dll
0x00007ffe7f250000 - 0x00007ffe7f261000 	C:\Windows\System32\kernel.appcore.dll
0x00007ffe7f290000 - 0x00007ffe7f2af000 	C:\Windows\System32\profapi.dll
0x00007ffe7f2b0000 - 0x00007ffe7f2fc000 	C:\Windows\System32\powrprof.dll
0x00007ffe7f240000 - 0x00007ffe7f24a000 	C:\Windows\System32\FLTLIB.DLL
0x00007ffe7c470000 - 0x00007ffe7c48a000 	C:\Program Files\Android\Android Studio\jre\jre\bin\net.dll
0x00007ffe7eac0000 - 0x00007ffe7eb26000 	C:\Windows\system32\mswsock.dll
0x00007ffe7a690000 - 0x00007ffe7a6a1000 	C:\Program Files\Android\Android Studio\jre\jre\bin\nio.dll
0x00007ffe75d90000 - 0x00007ffe75dae000 	C:\Users\M&N\.gradle\native\25\windows-amd64\native-platform.dll
0x00007ffe7d490000 - 0x00007ffe7d49d000 	C:\Program Files\Android\Android Studio\jre\jre\bin\management.dll
0x00007ffe7ec70000 - 0x00007ffe7ec87000 	C:\Windows\SYSTEM32\CRYPTSP.dll
0x00007ffe7e640000 - 0x00007ffe7e673000 	C:\Windows\system32\rsaenh.dll
0x00007ffe7eda0000 - 0x00007ffe7edc5000 	C:\Windows\SYSTEM32\bcrypt.dll
0x00007ffe7f140000 - 0x00007ffe7f168000 	C:\Windows\SYSTEM32\USERENV.dll
0x00007ffe7ec90000 - 0x00007ffe7ec9b000 	C:\Windows\SYSTEM32\CRYPTBASE.dll
0x00007ffe7e840000 - 0x00007ffe7e878000 	C:\Windows\SYSTEM32\IPHLPAPI.DLL
0x00007ffe813f0000 - 0x00007ffe813f8000 	C:\Windows\System32\NSI.dll
0x00007ffe7a040000 - 0x00007ffe7a056000 	C:\Windows\SYSTEM32\dhcpcsvc6.DLL
0x00007ffe7a020000 - 0x00007ffe7a03a000 	C:\Windows\SYSTEM32\dhcpcsvc.DLL

VM Arguments:
jvm_args: -Xmx1536m -Dfile.encoding=x-windows-949 -Duser.country=KR -Duser.language=ko -Duser.variant 
java_command: org.gradle.launcher.daemon.bootstrap.GradleDaemon 4.4
java_class_path (initial): C:\Users\M&N\.gradle\wrapper\dists\gradle-4.4-all\9br9xq1tocpiv8o6njlyu5op1\gradle-4.4\lib\gradle-launcher-4.4.jar
Launcher Type: SUN_STANDARD

Environment Variables:
PATH=C:\Program Files (x86)\Common Files\Oracle\Java\javapath;C:\Windows\system32;C:\Windows;C:\Windows\System32\Wbem;C:\Windows\System32\WindowsPowerShell\v1.0\;C:\Windows\System32\OpenSSH\;C:\Program Files (x86)\NVIDIA Corporation\PhysX\Common;C:\Users\M&N\AppData\Local\Android\Sdk\platform-tools;C:\Program Files\Git\cmd;C:\Users\M&N\AppData\Local\Microsoft\WindowsApps;
USERNAME=M&N
OS=Windows_NT
PROCESSOR_IDENTIFIER=Intel64 Family 6 Model 94 Stepping 3, GenuineIntel



---------------  S Y S T E M  ---------------

OS: Windows 10.0 , 64 bit Build 17134 (10.0.17134.1)

CPU:total 4 (initial active 4) (4 cores per cpu, 1 threads per core) family 6 model 94 stepping 3, cmov, cx8, fxsr, mmx, sse, sse2, sse3, ssse3, sse4.1, sse4.2, popcnt, avx, avx2, aes, clmul, erms, rtm, 3dnowpref, lzcnt, tsc, tscinvbit, bmi1, bmi2, adx

Memory: 4k page, physical 8339612k(1876236k free), swap 33505436k(7764k free)

vm_info: OpenJDK 64-Bit Server VM (25.152-b02) for windows-amd64 JRE (1.8.0_152-release-1024-b02), built by "builder" with MS VC++ 10.0 (VS2010)

time: Thu Sep 06 09:09:36 2018
elapsed time: 192 seconds (0d 0h 3m 12s)

