#
# There is insufficient memory for the Java Runtime Environment to continue.
# Native memory allocation (malloc) failed to allocate 2242256 bytes for Chunk::new
# Possible reasons:
#   The system is out of physical RAM or swap space
#   In 32 bit mode, the process size limit was hit
# Possible solutions:
#   Reduce memory load on the system
#   Increase physical memory or swap space
#   Check if swap backing store is full
#   Use 64 bit Java on a 64 bit OS
#   Decrease Java heap size (-Xmx/-Xms)
#   Decrease number of Java threads
#   Decrease Java thread stack sizes (-Xss)
#   Set larger code cache with -XX:ReservedCodeCacheSize=
# This output file may be truncated or incomplete.
#
#  Out of Memory Error (allocation.cpp:390), pid=26532, tid=0x0000000000006538
#
# JRE version: OpenJDK Runtime Environment (8.0_152-b02) (build 1.8.0_152-release-1024-b02)
# Java VM: OpenJDK 64-Bit Server VM (25.152-b02 mixed mode windows-amd64 compressed oops)
# Failed to write core dump. Minidumps are not enabled by default on client versions of Windows
#

---------------  T H R E A D  ---------------

Current thread (0x000000001674b000):  JavaThread "C2 CompilerThread0" daemon [_thread_in_native, id=25912, stack(0x0000000018090000,0x0000000018190000)]

Stack: [0x0000000018090000,0x0000000018190000]
[error occurred during error reporting (printing stack bounds), id 0xc0000005]

Native frames: (J=compiled Java code, j=interpreted, Vv=VM code, C=native code)


Current CompileTask:
C2:   8026 7080       4       java.net.URLClassLoader$1::run (5 bytes)


---------------  P R O C E S S  ---------------

Java Threads: ( => current thread )
  0x000000001f375000 JavaThread "Cache worker for Java compile cache (C:\Users\M&N\Desktop\0813\.gradle\4.4\javaCompile)" [_thread_blocked, id=16712, stack(0x0000000022e20000,0x0000000022f20000)]
  0x000000001f37a800 JavaThread "Task worker for ':' Thread 3" [_thread_blocked, id=6728, stack(0x0000000022b20000,0x0000000022c20000)]
  0x000000001f374800 JavaThread "Task worker for ':' Thread 2" [_thread_blocked, id=15880, stack(0x0000000022a20000,0x0000000022b20000)]
  0x000000001f379800 JavaThread "Task worker for ':'" [_thread_in_native, id=16940, stack(0x0000000022920000,0x0000000022a20000)]
  0x000000001f379000 JavaThread "Cache worker for Build Output Cleanup Cache (C:\Users\M&N\Desktop\0813\.gradle\buildOutputCleanup)" [_thread_blocked, id=5620, stack(0x0000000022820000,0x0000000022920000)]
  0x000000001f377800 JavaThread "Cache worker for task history cache (C:\Users\M&N\Desktop\0813\.gradle\4.4\taskHistory)" [_thread_blocked, id=16208, stack(0x0000000022720000,0x0000000022820000)]
  0x000000001f378000 JavaThread "Cache worker for file content cache (C:\Users\M&N\Desktop\0813\.gradle\4.4\fileContent)" [_thread_blocked, id=22312, stack(0x0000000022620000,0x0000000022720000)]
  0x000000001b511000 JavaThread "Memory manager" [_thread_blocked, id=23708, stack(0x0000000021720000,0x0000000021820000)]
  0x000000001b50f000 JavaThread "build operations Thread 4" [_thread_blocked, id=24112, stack(0x0000000020f20000,0x0000000021020000)]
  0x000000001b50e000 JavaThread "build operations Thread 3" [_thread_blocked, id=12360, stack(0x0000000020e20000,0x0000000020f20000)]
  0x000000001b50d800 JavaThread "build operations Thread 2" [_thread_blocked, id=17296, stack(0x0000000020d20000,0x0000000020e20000)]
  0x000000001b514000 JavaThread "build operations" [_thread_blocked, id=23232, stack(0x0000000020c20000,0x0000000020d20000)]
  0x000000001b513800 JavaThread "Cache worker for Artifact transforms cache (C:\Users\M&N\.gradle\caches\transforms-1)" [_thread_blocked, id=3800, stack(0x0000000020920000,0x0000000020a20000)]
  0x00000000196c4800 JavaThread "Cache worker for file hash cache (C:\Users\M&N\Desktop\0813\.gradle\4.4\fileHashes)" [_thread_blocked, id=12044, stack(0x000000001ad60000,0x000000001ae60000)]
  0x00000000193a8000 JavaThread "File lock request listener" [_thread_in_native, id=11828, stack(0x000000001ac60000,0x000000001ad60000)]
  0x00000000196d6000 JavaThread "Cache worker for file hash cache (C:\Users\M&N\.gradle\caches\4.4\fileHashes)" [_thread_blocked, id=13060, stack(0x000000001ab60000,0x000000001ac60000)]
  0x000000001963b800 JavaThread "Stdin handler" [_thread_blocked, id=7224, stack(0x000000001a860000,0x000000001a960000)]
  0x000000001964f000 JavaThread "Asynchronous log dispatcher for DefaultDaemonConnection: socket connection from /127.0.0.1:53753 to /127.0.0.1:53754" [_thread_blocked, id=27244, stack(0x000000001a760000,0x000000001a860000)]
  0x0000000017db9000 JavaThread "Daemon worker" [_thread_blocked, id=22136, stack(0x000000001a660000,0x000000001a760000)]
  0x00000000193b7800 JavaThread "Cancel handler" [_thread_blocked, id=27184, stack(0x000000001a560000,0x000000001a660000)]
  0x00000000195aa000 JavaThread "Handler for socket connection from /127.0.0.1:53753 to /127.0.0.1:53754" [_thread_in_native, id=8620, stack(0x000000001a260000,0x000000001a360000)]
  0x00000000195a9000 JavaThread "Daemon" [_thread_blocked, id=20720, stack(0x000000001a160000,0x000000001a260000)]
  0x000000001962f000 JavaThread "Daemon periodic checks" [_thread_blocked, id=16188, stack(0x000000001a060000,0x000000001a160000)]
  0x00000000190e8000 JavaThread "Incoming local TCP Connector on port 53753" [_thread_in_native, id=23164, stack(0x0000000019f60000,0x000000001a060000)]
  0x0000000017b09000 JavaThread "Service Thread" daemon [_thread_blocked, id=24016, stack(0x0000000018390000,0x0000000018490000)]
  0x0000000017aea800 JavaThread "C1 CompilerThread2" daemon [_thread_blocked, id=17096, stack(0x0000000018290000,0x0000000018390000)]
  0x000000001679a800 JavaThread "C2 CompilerThread1" daemon [_thread_in_native, id=22908, stack(0x0000000018190000,0x0000000018290000)]
=>0x000000001674b000 JavaThread "C2 CompilerThread0" daemon [_thread_in_native, id=25912, stack(0x0000000018090000,0x0000000018190000)]
  0x000000001674a000 JavaThread "Attach Listener" daemon [_thread_blocked, id=18500, stack(0x0000000017f90000,0x0000000018090000)]
  0x0000000017a98800 JavaThread "Signal Dispatcher" daemon [_thread_blocked, id=17692, stack(0x0000000017e90000,0x0000000017f90000)]
  0x0000000002dc6000 JavaThread "Finalizer" daemon [_thread_blocked, id=21608, stack(0x0000000017990000,0x0000000017a90000)]
  0x0000000002dc1000 JavaThread "Reference Handler" daemon [_thread_blocked, id=19328, stack(0x0000000017890000,0x0000000017990000)]
  0x0000000002ccd800 JavaThread "main" [_thread_blocked, id=15364, stack(0x0000000002ad0000,0x0000000002bd0000)]

Other Threads:
  0x0000000016705800 VMThread [stack: 0x0000000017790000,0x0000000017890000] [id=22064]
  0x0000000017b0a000 WatcherThread [stack: 0x0000000018490000,0x0000000018590000] [id=4192]

VM state:not at safepoint (normal execution)

VM Mutex/Monitor currently owned by a thread: None

Heap:
 PSYoungGen      total 196096K, used 27402K [0x00000000e0000000, 0x00000000f0e80000, 0x0000000100000000)
  eden space 181248K, 15% used [0x00000000e0000000,0x00000000e1ac29d8,0x00000000eb100000)
  from space 14848K, 0% used [0x00000000eb100000,0x00000000eb100000,0x00000000ebf80000)
  to   space 23552K, 0% used [0x00000000ef780000,0x00000000ef780000,0x00000000f0e80000)
 ParOldGen       total 139776K, used 44158K [0x00000000a0000000, 0x00000000a8880000, 0x00000000e0000000)
  object space 139776K, 31% used [0x00000000a0000000,0x00000000a2b1f918,0x00000000a8880000)
 Metaspace       used 58386K, capacity 60114K, committed 60288K, reserved 1101824K
  class space    used 7895K, capacity 8302K, committed 8320K, reserved 1048576K

Card table byte_map: [0x0000000012190000,0x00000000124a0000] byte_map_base: 0x0000000011c90000

Marking Bits: (ParMarkBitMap*) 0x000000006dad4970
 Begin Bits: [0x0000000012aa0000, 0x00000000142a0000)
 End Bits:   [0x00000000142a0000, 0x0000000015aa0000)

Polling page: 0x0000000000950000

CodeCache: size=245760Kb used=21900Kb max_used=21900Kb free=223859Kb
 bounds [0x0000000002dd0000, 0x0000000004350000, 0x0000000011dd0000]
 total_blobs=7400 nmethods=6613 adapters=698
 compilation: enabled

Compilation events (10 events):
Event: 8.019 Thread 0x0000000017aea800 nmethod 7417 0x0000000004341d90 code [0x0000000004341ee0, 0x0000000004342050]
Event: 8.019 Thread 0x0000000017aea800 7418       2       com.sun.tools.javac.jvm.Code::markStatBegin (62 bytes)
Event: 8.020 Thread 0x0000000017aea800 nmethod 7418 0x00000000043420d0 code [0x0000000004342240, 0x0000000004342438]
Event: 8.023 Thread 0x0000000017aea800 7419       1       com.sun.tools.javac.code.Type::isAnnotated (2 bytes)
Event: 8.023 Thread 0x0000000017aea800 nmethod 7419 0x0000000004342510 code [0x0000000004342660, 0x0000000004342770]
Event: 8.023 Thread 0x0000000017aea800 7422       2       com.sun.tools.javac.jvm.Gen::isInvokeDynamic (25 bytes)
Event: 8.023 Thread 0x0000000017aea800 nmethod 7422 0x00000000043427d0 code [0x0000000004342940, 0x0000000004342b28]
Event: 8.023 Thread 0x0000000017aea800 7423       2       com.sun.tools.javac.jvm.Gen::binaryQualifier (280 bytes)
Event: 8.024 Thread 0x0000000017aea800 nmethod 7423 0x0000000004342c10 code [0x0000000004342e60, 0x00000000043435e8]
Event: 8.024 Thread 0x0000000017aea800 7420       2       com.sun.tools.javac.jvm.Gen::visitSelect (438 bytes)

GC Heap History (10 events):
Event: 3.673 GC heap before
{Heap before GC invocations=8 (full 1):
 PSYoungGen      total 119808K, used 98802K [0x00000000e0000000, 0x00000000e9300000, 0x0000000100000000)
  eden space 112128K, 81% used [0x00000000e0000000,0x00000000e595a770,0x00000000e6d80000)
  from space 7680K, 95% used [0x00000000e8b80000,0x00000000e92a2110,0x00000000e9300000)
  to   space 9728K, 0% used [0x00000000e8000000,0x00000000e8000000,0x00000000e8980000)
 ParOldGen       total 54784K, used 8040K [0x00000000a0000000, 0x00000000a3580000, 0x00000000e0000000)
  object space 54784K, 14% used [0x00000000a0000000,0x00000000a07da200,0x00000000a3580000)
 Metaspace       used 34636K, capacity 35322K, committed 35416K, reserved 1079296K
  class space    used 4782K, capacity 5035K, committed 5120K, reserved 1048576K
Event: 3.681 GC heap after
Heap after GC invocations=8 (full 1):
 PSYoungGen      total 140800K, used 9714K [0x00000000e0000000, 0x00000000ecb80000, 0x0000000100000000)
  eden space 131072K, 0% used [0x00000000e0000000,0x00000000e0000000,0x00000000e8000000)
  from space 9728K, 99% used [0x00000000e8000000,0x00000000e897c808,0x00000000e8980000)
  to   space 12288K, 0% used [0x00000000ebf80000,0x00000000ebf80000,0x00000000ecb80000)
 ParOldGen       total 54784K, used 11294K [0x00000000a0000000, 0x00000000a3580000, 0x00000000e0000000)
  object space 54784K, 20% used [0x00000000a0000000,0x00000000a0b07a98,0x00000000a3580000)
 Metaspace       used 34636K, capacity 35322K, committed 35416K, reserved 1079296K
  class space    used 4782K, capacity 5035K, committed 5120K, reserved 1048576K
}
Event: 3.681 GC heap before
{Heap before GC invocations=9 (full 2):
 PSYoungGen      total 140800K, used 9714K [0x00000000e0000000, 0x00000000ecb80000, 0x0000000100000000)
  eden space 131072K, 0% used [0x00000000e0000000,0x00000000e0000000,0x00000000e8000000)
  from space 9728K, 99% used [0x00000000e8000000,0x00000000e897c808,0x00000000e8980000)
  to   space 12288K, 0% used [0x00000000ebf80000,0x00000000ebf80000,0x00000000ecb80000)
 ParOldGen       total 54784K, used 11294K [0x00000000a0000000, 0x00000000a3580000, 0x00000000e0000000)
  object space 54784K, 20% used [0x00000000a0000000,0x00000000a0b07a98,0x00000000a3580000)
 Metaspace       used 34636K, capacity 35322K, committed 35416K, reserved 1079296K
  class space    used 4782K, capacity 5035K, committed 5120K, reserved 1048576K
Event: 3.728 GC heap after
Heap after GC invocations=9 (full 2):
 PSYoungGen      total 140800K, used 0K [0x00000000e0000000, 0x00000000ecb80000, 0x0000000100000000)
  eden space 131072K, 0% used [0x00000000e0000000,0x00000000e0000000,0x00000000e8000000)
  from space 9728K, 0% used [0x00000000e8000000,0x00000000e8000000,0x00000000e8980000)
  to   space 12288K, 0% used [0x00000000ebf80000,0x00000000ebf80000,0x00000000ecb80000)
 ParOldGen       total 87040K, used 19529K [0x00000000a0000000, 0x00000000a5500000, 0x00000000e0000000)
  object space 87040K, 22% used [0x00000000a0000000,0x00000000a1312490,0x00000000a5500000)
 Metaspace       used 34636K, capacity 35322K, committed 35416K, reserved 1079296K
  class space    used 4782K, capacity 5035K, committed 5120K, reserved 1048576K
}
Event: 5.183 GC heap before
{Heap before GC invocations=10 (full 2):
 PSYoungGen      total 140800K, used 131072K [0x00000000e0000000, 0x00000000ecb80000, 0x0000000100000000)
  eden space 131072K, 100% used [0x00000000e0000000,0x00000000e8000000,0x00000000e8000000)
  from space 9728K, 0% used [0x00000000e8000000,0x00000000e8000000,0x00000000e8980000)
  to   space 12288K, 0% used [0x00000000ebf80000,0x00000000ebf80000,0x00000000ecb80000)
 ParOldGen       total 87040K, used 19529K [0x00000000a0000000, 0x00000000a5500000, 0x00000000e0000000)
  object space 87040K, 22% used [0x00000000a0000000,0x00000000a1312490,0x00000000a5500000)
 Metaspace       used 43011K, capacity 44032K, committed 44160K, reserved 1087488K
  class space    used 5938K, capacity 6241K, committed 6272K, reserved 1048576K
Event: 5.194 GC heap after
Heap after GC invocations=10 (full 2):
 PSYoungGen      total 193536K, used 12273K [0x00000000e0000000, 0x00000000edb80000, 0x0000000100000000)
  eden space 181248K, 0% used [0x00000000e0000000,0x00000000e0000000,0x00000000eb100000)
  from space 12288K, 99% used [0x00000000ebf80000,0x00000000ecb7c430,0x00000000ecb80000)
  to   space 14848K, 0% used [0x00000000eb100000,0x00000000eb100000,0x00000000ebf80000)
 ParOldGen       total 87040K, used 21635K [0x00000000a0000000, 0x00000000a5500000, 0x00000000e0000000)
  object space 87040K, 24% used [0x00000000a0000000,0x00000000a1520ce0,0x00000000a5500000)
 Metaspace       used 43011K, capacity 44032K, committed 44160K, reserved 1087488K
  class space    used 5938K, capacity 6241K, committed 6272K, reserved 1048576K
}
Event: 7.478 GC heap before
{Heap before GC invocations=11 (full 2):
 PSYoungGen      total 193536K, used 187935K [0x00000000e0000000, 0x00000000edb80000, 0x0000000100000000)
  eden space 181248K, 96% used [0x00000000e0000000,0x00000000eab8b928,0x00000000eb100000)
  from space 12288K, 99% used [0x00000000ebf80000,0x00000000ecb7c430,0x00000000ecb80000)
  to   space 14848K, 0% used [0x00000000eb100000,0x00000000eb100000,0x00000000ebf80000)
 ParOldGen       total 87040K, used 21635K [0x00000000a0000000, 0x00000000a5500000, 0x00000000e0000000)
  object space 87040K, 24% used [0x00000000a0000000,0x00000000a1520ce0,0x00000000a5500000)
 Metaspace       used 57193K, capacity 58898K, committed 59008K, reserved 1099776K
  class space    used 7805K, capacity 8238K, committed 8320K, reserved 1048576K
Event: 7.496 GC heap after
Heap after GC invocations=11 (full 2):
 PSYoungGen      total 196096K, used 14817K [0x00000000e0000000, 0x00000000f0e80000, 0x0000000100000000)
  eden space 181248K, 0% used [0x00000000e0000000,0x00000000e0000000,0x00000000eb100000)
  from space 14848K, 99% used [0x00000000eb100000,0x00000000ebf785b0,0x00000000ebf80000)
  to   space 23552K, 0% used [0x00000000ef780000,0x00000000ef780000,0x00000000f0e80000)
 ParOldGen       total 87040K, used 37896K [0x00000000a0000000, 0x00000000a5500000, 0x00000000e0000000)
  object space 87040K, 43% used [0x00000000a0000000,0x00000000a25020e8,0x00000000a5500000)
 Metaspace       used 57193K, capacity 58898K, committed 59008K, reserved 1099776K
  class space    used 7805K, capacity 8238K, committed 8320K, reserved 1048576K
}
Event: 7.496 GC heap before
{Heap before GC invocations=12 (full 3):
 PSYoungGen      total 196096K, used 14817K [0x00000000e0000000, 0x00000000f0e80000, 0x0000000100000000)
  eden space 181248K, 0% used [0x00000000e0000000,0x00000000e0000000,0x00000000eb100000)
  from space 14848K, 99% used [0x00000000eb100000,0x00000000ebf785b0,0x00000000ebf80000)
  to   space 23552K, 0% used [0x00000000ef780000,0x00000000ef780000,0x00000000f0e80000)
 ParOldGen       total 87040K, used 37896K [0x00000000a0000000, 0x00000000a5500000, 0x00000000e0000000)
  object space 87040K, 43% used [0x00000000a0000000,0x00000000a25020e8,0x00000000a5500000)
 Metaspace       used 57193K, capacity 58898K, committed 59008K, reserved 1099776K
  class space    used 7805K, capacity 8238K, committed 8320K, reserved 1048576K
Event: 7.617 GC heap after
Heap after GC invocations=12 (full 3):
 PSYoungGen      total 196096K, used 0K [0x00000000e0000000, 0x00000000f0e80000, 0x0000000100000000)
  eden space 181248K, 0% used [0x00000000e0000000,0x00000000e0000000,0x00000000eb100000)
  from space 14848K, 0% used [0x00000000eb100000,0x00000000eb100000,0x00000000ebf80000)
  to   space 23552K, 0% used [0x00000000ef780000,0x00000000ef780000,0x00000000f0e80000)
 ParOldGen       total 139776K, used 44158K [0x00000000a0000000, 0x00000000a8880000, 0x00000000e0000000)
  object space 139776K, 31% used [0x00000000a0000000,0x00000000a2b1f918,0x00000000a8880000)
 Metaspace       used 57193K, capacity 58898K, committed 59008K, reserved 1099776K
  class space    used 7805K, capacity 8238K, committed 8320K, reserved 1048576K
}

Deoptimization events (10 events):
Event: 7.877 Thread 0x000000001f379800 Uncommon trap: reason=bimorphic action=maybe_recompile pc=0x00000000041665dc method=com.sun.tools.javac.code.Types$UnaryVisitor.visit(Lcom/sun/tools/javac/code/Type;)Ljava/lang/Object; @ 3
Event: 7.877 Thread 0x000000001f379800 Uncommon trap: reason=class_check action=maybe_recompile pc=0x00000000041c0738 method=com.sun.tools.javac.code.Types.rank(Lcom/sun/tools/javac/code/Type;)I @ 131
Event: 7.877 Thread 0x000000001f379800 Uncommon trap: reason=class_check action=maybe_recompile pc=0x00000000041c04b8 method=com.sun.tools.javac.code.Types.rank(Lcom/sun/tools/javac/code/Type;)I @ 1
Event: 7.877 Thread 0x000000001f379800 Uncommon trap: reason=bimorphic action=maybe_recompile pc=0x00000000041c7f3c method=com.sun.tools.javac.code.Types$18.visitClassType(Lcom/sun/tools/javac/code/Type$ClassType;Ljava/lang/Void;)Lcom/sun/tools/javac/code/Type; @ 19
Event: 7.877 Thread 0x000000001f379800 Uncommon trap: reason=class_check action=maybe_recompile pc=0x000000000417ce90 method=com.sun.tools.javac.code.Types$19.visitClassType(Lcom/sun/tools/javac/code/Type$ClassType;Ljava/lang/Void;)Lcom/sun/tools/javac/util/List; @ 46
Event: 7.877 Thread 0x000000001f379800 Uncommon trap: reason=class_check action=maybe_recompile pc=0x00000000041c04b8 method=com.sun.tools.javac.code.Types.rank(Lcom/sun/tools/javac/code/Type;)I @ 1
Event: 7.880 Thread 0x000000001f379800 Uncommon trap: reason=class_check action=maybe_recompile pc=0x00000000041c0738 method=com.sun.tools.javac.code.Types.rank(Lcom/sun/tools/javac/code/Type;)I @ 131
Event: 7.893 Thread 0x000000001f379800 Uncommon trap: reason=bimorphic action=maybe_recompile pc=0x0000000004263618 method=com.sun.tools.javac.code.Types$19.visitClassType(Lcom/sun/tools/javac/code/Type$ClassType;Ljava/lang/Void;)Lcom/sun/tools/javac/util/List; @ 46
Event: 7.893 Thread 0x000000001f379800 Uncommon trap: reason=bimorphic action=maybe_recompile pc=0x0000000004263618 method=com.sun.tools.javac.code.Types$19.visitClassType(Lcom/sun/tools/javac/code/Type$ClassType;Ljava/lang/Void;)Lcom/sun/tools/javac/util/List; @ 46
Event: 7.905 Thread 0x000000001f379800 Uncommon trap: reason=unstable_if action=reinterpret pc=0x0000000004180458 method=com.sun.tools.javac.util.ListBuffer.append(Ljava/lang/Object;)Lcom/sun/tools/javac/util/ListBuffer; @ 9

Classes redefined (0 events):
No events

Internal exceptions (10 events):
Event: 6.278 Thread 0x000000001f374800 Exception <a 'java/lang/NoSuchMethodError': <clinit>> (0x00000000e5cde480) thrown at [D:\src\AOSP-openjdk-cygwin\jdk8u\hotspot\src\share\vm\prims\jni.cpp, line 1613]
Event: 6.278 Thread 0x000000001f374800 Exception <a 'java/lang/NoSuchMethodError': <clinit>> (0x00000000e5ce9700) thrown at [D:\src\AOSP-openjdk-cygwin\jdk8u\hotspot\src\share\vm\prims\jni.cpp, line 1613]
Event: 6.288 Thread 0x000000001f374800 Exception <a 'java/lang/NoSuchMethodError': <clinit>> (0x00000000e5d67210) thrown at [D:\src\AOSP-openjdk-cygwin\jdk8u\hotspot\src\share\vm\prims\jni.cpp, line 1613]
Event: 6.289 Thread 0x000000001f374800 Exception <a 'java/lang/NoSuchMethodError': <clinit>> (0x00000000e5d7a018) thrown at [D:\src\AOSP-openjdk-cygwin\jdk8u\hotspot\src\share\vm\prims\jni.cpp, line 1613]
Event: 6.289 Thread 0x000000001f374800 Exception <a 'java/lang/NoSuchMethodError': <clinit>> (0x00000000e5d7b8c8) thrown at [D:\src\AOSP-openjdk-cygwin\jdk8u\hotspot\src\share\vm\prims\jni.cpp, line 1613]
Event: 6.330 Thread 0x000000001f374800 Implicit null exception at 0x000000000338f7e2 to 0x000000000338fd19
Event: 6.721 Thread 0x000000001f374800 Exception <a 'java/lang/NoSuchMethodError': <clinit>> (0x00000000e739a648) thrown at [D:\src\AOSP-openjdk-cygwin\jdk8u\hotspot\src\share\vm\prims\jni.cpp, line 1613]
Event: 6.722 Thread 0x000000001f374800 Exception <a 'java/lang/NoSuchMethodError': <clinit>> (0x00000000e73a52d0) thrown at [D:\src\AOSP-openjdk-cygwin\jdk8u\hotspot\src\share\vm\prims\jni.cpp, line 1613]
Event: 6.722 Thread 0x000000001f374800 Exception <a 'java/lang/NoSuchMethodError': <clinit>> (0x00000000e73ab0b0) thrown at [D:\src\AOSP-openjdk-cygwin\jdk8u\hotspot\src\share\vm\prims\jni.cpp, line 1613]
Event: 7.659 Thread 0x000000001f379800 Implicit null exception at 0x00000000033a8424 to 0x00000000033a8ae9

Events (10 events):
Event: 7.893 Thread 0x000000001f379800 DEOPT UNPACKING pc=0x0000000002e1557b sp=0x0000000022a1b798 mode 2
Event: 7.898 Executing VM operation: ForceSafepoint
Event: 7.898 Executing VM operation: ForceSafepoint done
Event: 7.905 Thread 0x000000001f379800 Uncommon trap: trap_request=0xffffff65 fr.pc=0x0000000004180458
Event: 7.905 Thread 0x000000001f379800 DEOPT PACKING pc=0x0000000004180458 sp=0x0000000022a1bb70
Event: 7.905 Thread 0x000000001f379800 DEOPT UNPACKING pc=0x0000000002e1557b sp=0x0000000022a1bb10 mode 2
Event: 7.998 loading class com/sun/tools/javac/code/Types$MembersClosureCache$MembersScope$1
Event: 7.998 loading class com/sun/tools/javac/code/Types$MembersClosureCache$MembersScope$1 done
Event: 8.013 Executing VM operation: ForceSafepoint
Event: 8.014 Executing VM operation: ForceSafepoint done


Dynamic libraries:
0x00007ff74dde0000 - 0x00007ff74de11000 	C:\Program Files\Android\Android Studio\jre\bin\java.exe
0x00007ffe82f30000 - 0x00007ffe83111000 	C:\Windows\SYSTEM32\ntdll.dll
0x00007ffe80d40000 - 0x00007ffe80df2000 	C:\Windows\System32\KERNEL32.DLL
0x00007ffe7fd00000 - 0x00007ffe7ff73000 	C:\Windows\System32\KERNELBASE.dll
0x00007ffe80c90000 - 0x00007ffe80d31000 	C:\Windows\System32\ADVAPI32.dll
0x00007ffe80520000 - 0x00007ffe805be000 	C:\Windows\System32\msvcrt.dll
0x00007ffe81390000 - 0x00007ffe813eb000 	C:\Windows\System32\sechost.dll
0x00007ffe82dd0000 - 0x00007ffe82ef4000 	C:\Windows\System32\RPCRT4.dll
0x00007ffe80b00000 - 0x00007ffe80c90000 	C:\Windows\System32\USER32.dll
0x00007ffe7ffd0000 - 0x00007ffe7fff0000 	C:\Windows\System32\win32u.dll
0x00007ffe81790000 - 0x00007ffe817b8000 	C:\Windows\System32\GDI32.dll
0x00007ffe7fb60000 - 0x00007ffe7fcf2000 	C:\Windows\System32\gdi32full.dll
0x00007ffe7f300000 - 0x00007ffe7f39f000 	C:\Windows\System32\msvcp_win.dll
0x00007ffe7fff0000 - 0x00007ffe800ea000 	C:\Windows\System32\ucrtbase.dll
0x00007ffe72bf0000 - 0x00007ffe72e59000 	C:\Windows\WinSxS\amd64_microsoft.windows.common-controls_6595b64144ccf1df_6.0.17134.228_none_fb4599993062b194\COMCTL32.dll
0x00007ffe81460000 - 0x00007ffe81783000 	C:\Windows\System32\combase.dll
0x00007ffe80150000 - 0x00007ffe801ca000 	C:\Windows\System32\bcryptPrimitives.dll
0x00007ffe80620000 - 0x00007ffe8064d000 	C:\Windows\System32\IMM32.DLL
0x000000006d150000 - 0x000000006d222000 	C:\Program Files\Android\Android Studio\jre\jre\bin\msvcr100.dll
0x000000006d310000 - 0x000000006db4f000 	C:\Program Files\Android\Android Studio\jre\jre\bin\server\jvm.dll
0x00007ffe82dc0000 - 0x00007ffe82dc8000 	C:\Windows\System32\PSAPI.DLL
0x00007ffe7c530000 - 0x00007ffe7c539000 	C:\Windows\SYSTEM32\WSOCK32.dll
0x00007ffe81320000 - 0x00007ffe8138c000 	C:\Windows\System32\WS2_32.dll
0x00007ffe74390000 - 0x00007ffe743b3000 	C:\Windows\SYSTEM32\WINMM.dll
0x00007ffe7de70000 - 0x00007ffe7de7a000 	C:\Windows\SYSTEM32\VERSION.dll
0x00007ffe742c0000 - 0x00007ffe742ea000 	C:\Windows\SYSTEM32\winmmbase.dll
0x00007ffe7ff80000 - 0x00007ffe7ffc9000 	C:\Windows\System32\cfgmgr32.dll
0x00007ffe7c520000 - 0x00007ffe7c52f000 	C:\Program Files\Android\Android Studio\jre\jre\bin\verify.dll
0x00007ffe7c4f0000 - 0x00007ffe7c519000 	C:\Program Files\Android\Android Studio\jre\jre\bin\java.dll
0x00007ffe7c490000 - 0x00007ffe7c4a6000 	C:\Program Files\Android\Android Studio\jre\jre\bin\zip.dll
0x00007ffe81980000 - 0x00007ffe82dc0000 	C:\Windows\System32\SHELL32.dll
0x00007ffe818d0000 - 0x00007ffe81979000 	C:\Windows\System32\shcore.dll
0x00007ffe7f3a0000 - 0x00007ffe7faad000 	C:\Windows\System32\windows.storage.dll
0x00007ffe805c0000 - 0x00007ffe80611000 	C:\Windows\System32\shlwapi.dll
0x00007ffe7f250000 - 0x00007ffe7f261000 	C:\Windows\System32\kernel.appcore.dll
0x00007ffe7f290000 - 0x00007ffe7f2af000 	C:\Windows\System32\profapi.dll
0x00007ffe7f2b0000 - 0x00007ffe7f2fc000 	C:\Windows\System32\powrprof.dll
0x00007ffe7f240000 - 0x00007ffe7f24a000 	C:\Windows\System32\FLTLIB.DLL
0x00007ffe7c470000 - 0x00007ffe7c48a000 	C:\Program Files\Android\Android Studio\jre\jre\bin\net.dll
0x00007ffe7eac0000 - 0x00007ffe7eb26000 	C:\Windows\system32\mswsock.dll
0x00007ffe7a690000 - 0x00007ffe7a6a1000 	C:\Program Files\Android\Android Studio\jre\jre\bin\nio.dll
0x00007ffe75d90000 - 0x00007ffe75dae000 	C:\Users\M&N\.gradle\native\25\windows-amd64\native-platform.dll
0x00007ffe7d490000 - 0x00007ffe7d49d000 	C:\Program Files\Android\Android Studio\jre\jre\bin\management.dll
0x00007ffe7ec70000 - 0x00007ffe7ec87000 	C:\Windows\SYSTEM32\CRYPTSP.dll
0x00007ffe7e640000 - 0x00007ffe7e673000 	C:\Windows\system32\rsaenh.dll
0x00007ffe7eda0000 - 0x00007ffe7edc5000 	C:\Windows\SYSTEM32\bcrypt.dll
0x00007ffe7f140000 - 0x00007ffe7f168000 	C:\Windows\SYSTEM32\USERENV.dll
0x00007ffe7ec90000 - 0x00007ffe7ec9b000 	C:\Windows\SYSTEM32\CRYPTBASE.dll
0x00007ffe7e840000 - 0x00007ffe7e878000 	C:\Windows\SYSTEM32\IPHLPAPI.DLL
0x00007ffe813f0000 - 0x00007ffe813f8000 	C:\Windows\System32\NSI.dll
0x00007ffe7a040000 - 0x00007ffe7a056000 	C:\Windows\SYSTEM32\dhcpcsvc6.DLL
0x00007ffe7a020000 - 0x00007ffe7a03a000 	C:\Windows\SYSTEM32\dhcpcsvc.DLL

VM Arguments:
jvm_args: -Xmx1536m -Dfile.encoding=x-windows-949 -Duser.country=KR -Duser.language=ko -Duser.variant 
java_command: org.gradle.launcher.daemon.bootstrap.GradleDaemon 4.4
java_class_path (initial): C:\Users\M&N\.gradle\wrapper\dists\gradle-4.4-all\9br9xq1tocpiv8o6njlyu5op1\gradle-4.4\lib\gradle-launcher-4.4.jar
Launcher Type: SUN_STANDARD

Environment Variables:
PATH=C:\Program Files (x86)\Common Files\Oracle\Java\javapath;C:\Windows\system32;C:\Windows;C:\Windows\System32\Wbem;C:\Windows\System32\WindowsPowerShell\v1.0\;C:\Windows\System32\OpenSSH\;C:\Program Files (x86)\NVIDIA Corporation\PhysX\Common;C:\Users\M&N\AppData\Local\Android\Sdk\platform-tools;C:\Program Files\Git\cmd;C:\Users\M&N\AppData\Local\Microsoft\WindowsApps;
USERNAME=M&N
OS=Windows_NT
PROCESSOR_IDENTIFIER=Intel64 Family 6 Model 94 Stepping 3, GenuineIntel



---------------  S Y S T E M  ---------------

OS: Windows 10.0 , 64 bit Build 17134 (10.0.17134.1)

CPU:total 4 (initial active 4) (4 cores per cpu, 1 threads per core) family 6 model 94 stepping 3, cmov, cx8, fxsr, mmx, sse, sse2, sse3, ssse3, sse4.1, sse4.2, popcnt, avx, avx2, aes, clmul, erms, rtm, 3dnowpref, lzcnt, tsc, tscinvbit, bmi1, bmi2, adx

Memory: 4k page, physical 8339612k(1896600k free), swap 33505436k(7368k free)

vm_info: OpenJDK 64-Bit Server VM (25.152-b02) for windows-amd64 JRE (1.8.0_152-release-1024-b02), built by "builder" with MS VC++ 10.0 (VS2010)

time: Thu Sep 06 09:09:55 2018
elapsed time: 8 seconds (0d 0h 0m 8s)

