#
# There is insufficient memory for the Java Runtime Environment to continue.
# Native memory allocation (malloc) failed to allocate 1280736 bytes for Chunk::new
# Possible reasons:
#   The system is out of physical RAM or swap space
#   In 32 bit mode, the process size limit was hit
# Possible solutions:
#   Reduce memory load on the system
#   Increase physical memory or swap space
#   Check if swap backing store is full
#   Use 64 bit Java on a 64 bit OS
#   Decrease Java heap size (-Xmx/-Xms)
#   Decrease number of Java threads
#   Decrease Java thread stack sizes (-Xss)
#   Set larger code cache with -XX:ReservedCodeCacheSize=
# This output file may be truncated or incomplete.
#
#  Out of Memory Error (allocation.cpp:390), pid=2368, tid=0x00000000000027f0
#
# JRE version: OpenJDK Runtime Environment (8.0_152-b02) (build 1.8.0_152-release-1024-b02)
# Java VM: OpenJDK 64-Bit Server VM (25.152-b02 mixed mode windows-amd64 compressed oops)
# Failed to write core dump. Minidumps are not enabled by default on client versions of Windows
#

---------------  T H R E A D  ---------------

Current thread (0x00000000163c9800):  JavaThread "C2 CompilerThread0" daemon [_thread_in_native, id=10224, stack(0x0000000017d70000,0x0000000017e70000)]

Stack: [0x0000000017d70000,0x0000000017e70000]
[error occurred during error reporting (printing stack bounds), id 0xc0000005]

Native frames: (J=compiled Java code, j=interpreted, Vv=VM code, C=native code)


Current CompileTask:
C2:  11960 10193       4       com.android.tools.r8.ir.regalloc.LinearScanRegisterAllocator::allocateSingleInterval (807 bytes)


---------------  P R O C E S S  ---------------

Java Threads: ( => current thread )
  0x000000001dc44000 JavaThread "pool-4-thread-2" [_thread_blocked, id=13488, stack(0x0000000023b30000,0x0000000023c30000)]
  0x000000001dc45800 JavaThread "pool-4-thread-1" [_thread_blocked, id=19528, stack(0x0000000023a30000,0x0000000023b30000)]
  0x000000001dc45000 JavaThread "pool-2-thread-2" [_thread_blocked, id=16108, stack(0x0000000023930000,0x0000000023a30000)]
  0x0000000019547800 JavaThread "pool-3-thread-2" [_thread_blocked, id=24932, stack(0x0000000023830000,0x0000000023930000)]
  0x000000001cb43000 JavaThread "pool-2-thread-1" [_thread_blocked, id=5500, stack(0x0000000023730000,0x0000000023830000)]
  0x000000001cb48000 JavaThread "pool-3-thread-1" [_thread_blocked, id=20248, stack(0x0000000023630000,0x0000000023730000)]
  0x000000001cb49800 JavaThread "ForkJoinPool.commonPool-worker-3" daemon [_thread_in_vm, id=7876, stack(0x0000000023330000,0x0000000023430000)]
  0x000000001cb47800 JavaThread "ForkJoinPool.commonPool-worker-2" daemon [_thread_in_Java, id=23960, stack(0x0000000023230000,0x0000000023330000)]
  0x000000001cb46000 JavaThread "ForkJoinPool.commonPool-worker-1" daemon [_thread_in_Java, id=17048, stack(0x0000000023130000,0x0000000023230000)]
  0x000000001cb49000 JavaThread "Cache worker for Java compile cache (C:\Users\M&N\Desktop\0813\.gradle\4.4\javaCompile)" [_thread_blocked, id=17892, stack(0x0000000022c30000,0x0000000022d30000)]
  0x000000001c20f000 JavaThread "Task worker for ':' Thread 3" [_thread_blocked, id=17216, stack(0x00000000226c0000,0x00000000227c0000)]
  0x000000001c20c800 JavaThread "Task worker for ':' Thread 2" [_thread_in_native, id=12980, stack(0x00000000225c0000,0x00000000226c0000)]
  0x000000001c20e000 JavaThread "Task worker for ':'" [_thread_blocked, id=8328, stack(0x00000000224c0000,0x00000000225c0000)]
  0x000000001c20d800 JavaThread "Cache worker for Build Output Cleanup Cache (C:\Users\M&N\Desktop\0813\.gradle\buildOutputCleanup)" [_thread_blocked, id=22436, stack(0x00000000223c0000,0x00000000224c0000)]
  0x000000001c20c000 JavaThread "Cache worker for task history cache (C:\Users\M&N\Desktop\0813\.gradle\4.4\taskHistory)" [_thread_blocked, id=21180, stack(0x00000000222c0000,0x00000000223c0000)]
  0x000000001c20f800 JavaThread "Cache worker for file content cache (C:\Users\M&N\Desktop\0813\.gradle\4.4\fileContent)" [_thread_blocked, id=6052, stack(0x0000000021da0000,0x0000000021ea0000)]
  0x000000001c211000 JavaThread "Memory manager" [_thread_blocked, id=11088, stack(0x00000000214a0000,0x00000000215a0000)]
  0x0000000019544800 JavaThread "build operations Thread 4" [_thread_blocked, id=7200, stack(0x0000000020da0000,0x0000000020ea0000)]
  0x0000000019542800 JavaThread "build operations Thread 3" [_thread_blocked, id=19168, stack(0x0000000020ca0000,0x0000000020da0000)]
  0x0000000019548800 JavaThread "build operations Thread 2" [_thread_blocked, id=26380, stack(0x0000000020ba0000,0x0000000020ca0000)]
  0x0000000019544000 JavaThread "build operations" [_thread_blocked, id=23996, stack(0x00000000209a0000,0x0000000020aa0000)]
  0x0000000019541800 JavaThread "Cache worker for Artifact transforms cache (C:\Users\M&N\.gradle\caches\transforms-1)" [_thread_blocked, id=9552, stack(0x000000001f400000,0x000000001f500000)]
  0x00000000198a0000 JavaThread "Cache worker for file hash cache (C:\Users\M&N\Desktop\0813\.gradle\4.4\fileHashes)" [_thread_blocked, id=17068, stack(0x000000001bae0000,0x000000001bbe0000)]
  0x00000000194cf800 JavaThread "File lock request listener" [_thread_in_native, id=6824, stack(0x000000001aa10000,0x000000001ab10000)]
  0x00000000193f2000 JavaThread "Cache worker for file hash cache (C:\Users\M&N\.gradle\caches\4.4\fileHashes)" [_thread_blocked, id=16996, stack(0x000000001a910000,0x000000001aa10000)]
  0x00000000193ed800 JavaThread "Stdin handler" [_thread_blocked, id=11412, stack(0x000000001a610000,0x000000001a710000)]
  0x00000000193ec800 JavaThread "Asynchronous log dispatcher for DefaultDaemonConnection: socket connection from /127.0.0.1:53806 to /127.0.0.1:53807" [_thread_blocked, id=20568, stack(0x000000001a510000,0x000000001a610000)]
  0x00000000193e1000 JavaThread "Daemon worker" [_thread_blocked, id=22628, stack(0x000000001a410000,0x000000001a510000)]
  0x0000000017a6a800 JavaThread "Cancel handler" [_thread_blocked, id=19008, stack(0x000000001a310000,0x000000001a410000)]
  0x00000000191b8800 JavaThread "Handler for socket connection from /127.0.0.1:53806 to /127.0.0.1:53807" [_thread_in_native, id=11576, stack(0x000000001a010000,0x000000001a110000)]
  0x00000000191b7000 JavaThread "Daemon" [_thread_blocked, id=13960, stack(0x0000000019f10000,0x000000001a010000)]
  0x00000000190b8800 JavaThread "Daemon periodic checks" [_thread_blocked, id=16952, stack(0x0000000019e10000,0x0000000019f10000)]
  0x0000000018db2000 JavaThread "Incoming local TCP Connector on port 53806" [_thread_in_native, id=16192, stack(0x0000000019c40000,0x0000000019d40000)]
  0x00000000177fd800 JavaThread "Service Thread" daemon [_thread_blocked, id=7136, stack(0x0000000018070000,0x0000000018170000)]
  0x000000001777e800 JavaThread "C1 CompilerThread2" daemon [_thread_in_native, id=21644, stack(0x0000000017f70000,0x0000000018070000)]
  0x000000001777b800 JavaThread "C2 CompilerThread1" daemon [_thread_in_native, id=17584, stack(0x0000000017e70000,0x0000000017f70000)]
=>0x00000000163c9800 JavaThread "C2 CompilerThread0" daemon [_thread_in_native, id=10224, stack(0x0000000017d70000,0x0000000017e70000)]
  0x0000000016383800 JavaThread "Attach Listener" daemon [_thread_blocked, id=19856, stack(0x0000000017c70000,0x0000000017d70000)]
  0x0000000017778800 JavaThread "Signal Dispatcher" daemon [_thread_blocked, id=20336, stack(0x0000000017b70000,0x0000000017c70000)]
  0x0000000016358800 JavaThread "Finalizer" daemon [_thread_blocked, id=21880, stack(0x00000000175e0000,0x00000000176e0000)]
  0x00000000029f2800 JavaThread "Reference Handler" daemon [_thread_blocked, id=1400, stack(0x00000000174e0000,0x00000000175e0000)]
  0x000000000258d800 JavaThread "main" [_thread_blocked, id=27640, stack(0x0000000002420000,0x0000000002520000)]

Other Threads:
  0x0000000016335800 VMThread [stack: 0x00000000173e0000,0x00000000174e0000] [id=11052]
  0x00000000177be000 WatcherThread [stack: 0x0000000018170000,0x0000000018270000] [id=23812]

VM state:not at safepoint (normal execution)

VM Mutex/Monitor currently owned by a thread: None

Heap:
 PSYoungGen      total 212992K, used 165215K [0x00000000e0000000, 0x00000000eed00000, 0x0000000100000000)
  eden space 191488K, 75% used [0x00000000e0000000,0x00000000e8c5d0b8,0x00000000ebb00000)
  from space 21504K, 99% used [0x00000000ebb00000,0x00000000ecffac50,0x00000000ed000000)
  to   space 19968K, 0% used [0x00000000ed000000,0x00000000ed000000,0x00000000ee380000)
 ParOldGen       total 151040K, used 46750K [0x00000000a0000000, 0x00000000a9380000, 0x00000000e0000000)
  object space 151040K, 30% used [0x00000000a0000000,0x00000000a2da7b68,0x00000000a9380000)
 Metaspace       used 67633K, capacity 69854K, committed 70016K, reserved 1110016K
  class space    used 8973K, capacity 9482K, committed 9600K, reserved 1048576K

Card table byte_map: [0x0000000011dc0000,0x00000000120d0000] byte_map_base: 0x00000000118c0000

Marking Bits: (ParMarkBitMap*) 0x000000006dad4970
 Begin Bits: [0x00000000126d0000, 0x0000000013ed0000)
 End Bits:   [0x0000000013ed0000, 0x00000000156d0000)

Polling page: 0x0000000000c60000

CodeCache: size=245760Kb used=31480Kb max_used=31480Kb free=214279Kb
 bounds [0x0000000002a00000, 0x00000000048e0000, 0x0000000011a00000]
 total_blobs=10133 nmethods=9322 adapters=720
 compilation: enabled

Compilation events (10 events):
Event: 11.953 Thread 0x000000001777e800 nmethod 10709 0x00000000048d1850 code [0x00000000048d19a0, 0x00000000048d1ab0]
Event: 11.953 Thread 0x000000001777e800 10710       1       com.android.tools.r8.graph.DexClass::getInnerClasses (5 bytes)
Event: 11.953 Thread 0x000000001777e800 nmethod 10710 0x00000000048d1b10 code [0x00000000048d1c60, 0x00000000048d1d70]
Event: 11.953 Thread 0x000000001777e800 10712       2       java.util.TimSort::mergeCollapse (101 bytes)
Event: 11.954 Thread 0x000000001777e800 nmethod 10712 0x00000000048d1dd0 code [0x00000000048d1f60, 0x00000000048d2238]
Event: 11.954 Thread 0x000000001777e800 10713       2       java.util.TimSort::mergeLo (659 bytes)
Event: 11.955 Thread 0x000000001777e800 nmethod 10713 0x00000000048d2450 code [0x00000000048d26e0, 0x00000000048d3db8]
Event: 11.955 Thread 0x000000001777e800 10711       1       com.android.tools.r8.graph.EnclosingMethodAttribute::getEnclosingMethod (5 bytes)
Event: 11.955 Thread 0x000000001777e800 nmethod 10711 0x00000000048d4b50 code [0x00000000048d4ca0, 0x00000000048d4db0]
Event: 11.957 Thread 0x000000001777e800 10722 %     3       java.util.Arrays::equals @ 30 (54 bytes)

GC Heap History (10 events):
Event: 5.022 GC heap before
{Heap before GC invocations=10 (full 2):
 PSYoungGen      total 140800K, used 131072K [0x00000000e0000000, 0x00000000eb580000, 0x0000000100000000)
  eden space 131072K, 100% used [0x00000000e0000000,0x00000000e8000000,0x00000000e8000000)
  from space 9728K, 0% used [0x00000000e8000000,0x00000000e8000000,0x00000000e8980000)
  to   space 12288K, 0% used [0x00000000ea980000,0x00000000ea980000,0x00000000eb580000)
 ParOldGen       total 97792K, used 19376K [0x00000000a0000000, 0x00000000a5f80000, 0x00000000e0000000)
  object space 97792K, 19% used [0x00000000a0000000,0x00000000a12ec1d8,0x00000000a5f80000)
 Metaspace       used 43033K, capacity 44036K, committed 44160K, reserved 1087488K
  class space    used 5936K, capacity 6241K, committed 6272K, reserved 1048576K
Event: 5.035 GC heap after
Heap after GC invocations=10 (full 2):
 PSYoungGen      total 171008K, used 12284K [0x00000000e0000000, 0x00000000ed100000, 0x0000000100000000)
  eden space 158720K, 0% used [0x00000000e0000000,0x00000000e0000000,0x00000000e9b00000)
  from space 12288K, 99% used [0x00000000ea980000,0x00000000eb57f1a0,0x00000000eb580000)
  to   space 14848K, 0% used [0x00000000e9b00000,0x00000000e9b00000,0x00000000ea980000)
 ParOldGen       total 97792K, used 21565K [0x00000000a0000000, 0x00000000a5f80000, 0x00000000e0000000)
  object space 97792K, 22% used [0x00000000a0000000,0x00000000a150f4b0,0x00000000a5f80000)
 Metaspace       used 43033K, capacity 44036K, committed 44160K, reserved 1087488K
  class space    used 5936K, capacity 6241K, committed 6272K, reserved 1048576K
}
Event: 7.282 GC heap before
{Heap before GC invocations=11 (full 2):
 PSYoungGen      total 171008K, used 171004K [0x00000000e0000000, 0x00000000ed100000, 0x0000000100000000)
  eden space 158720K, 100% used [0x00000000e0000000,0x00000000e9b00000,0x00000000e9b00000)
  from space 12288K, 99% used [0x00000000ea980000,0x00000000eb57f1a0,0x00000000eb580000)
  to   space 14848K, 0% used [0x00000000e9b00000,0x00000000e9b00000,0x00000000ea980000)
 ParOldGen       total 97792K, used 21565K [0x00000000a0000000, 0x00000000a5f80000, 0x00000000e0000000)
  object space 97792K, 22% used [0x00000000a0000000,0x00000000a150f4b0,0x00000000a5f80000)
 Metaspace       used 55807K, capacity 57558K, committed 57856K, reserved 1099776K
  class space    used 7665K, capacity 8110K, committed 8192K, reserved 1048576K
Event: 7.294 GC heap after
Heap after GC invocations=11 (full 2):
 PSYoungGen      total 173568K, used 14821K [0x00000000e0000000, 0x00000000ee380000, 0x0000000100000000)
  eden space 158720K, 0% used [0x00000000e0000000,0x00000000e0000000,0x00000000e9b00000)
  from space 14848K, 99% used [0x00000000e9b00000,0x00000000ea979510,0x00000000ea980000)
  to   space 19968K, 0% used [0x00000000ed000000,0x00000000ed000000,0x00000000ee380000)
 ParOldGen       total 97792K, used 29987K [0x00000000a0000000, 0x00000000a5f80000, 0x00000000e0000000)
  object space 97792K, 30% used [0x00000000a0000000,0x00000000a1d48c10,0x00000000a5f80000)
 Metaspace       used 55807K, capacity 57558K, committed 57856K, reserved 1099776K
  class space    used 7665K, capacity 8110K, committed 8192K, reserved 1048576K
}
Event: 7.651 GC heap before
{Heap before GC invocations=12 (full 2):
 PSYoungGen      total 173568K, used 40588K [0x00000000e0000000, 0x00000000ee380000, 0x0000000100000000)
  eden space 158720K, 16% used [0x00000000e0000000,0x00000000e1929ea8,0x00000000e9b00000)
  from space 14848K, 99% used [0x00000000e9b00000,0x00000000ea979510,0x00000000ea980000)
  to   space 19968K, 0% used [0x00000000ed000000,0x00000000ed000000,0x00000000ee380000)
 ParOldGen       total 97792K, used 29987K [0x00000000a0000000, 0x00000000a5f80000, 0x00000000e0000000)
  object space 97792K, 30% used [0x00000000a0000000,0x00000000a1d48c10,0x00000000a5f80000)
 Metaspace       used 57138K, capacity 58870K, committed 59008K, reserved 1099776K
  class space    used 7782K, capacity 8206K, committed 8320K, reserved 1048576K
Event: 7.664 GC heap after
Heap after GC invocations=12 (full 2):
 PSYoungGen      total 211456K, used 15824K [0x00000000e0000000, 0x00000000eed00000, 0x0000000100000000)
  eden space 191488K, 0% used [0x00000000e0000000,0x00000000e0000000,0x00000000ebb00000)
  from space 19968K, 79% used [0x00000000ed000000,0x00000000edf74170,0x00000000ee380000)
  to   space 21504K, 0% used [0x00000000ebb00000,0x00000000ebb00000,0x00000000ed000000)
 ParOldGen       total 97792K, used 36784K [0x00000000a0000000, 0x00000000a5f80000, 0x00000000e0000000)
  object space 97792K, 37% used [0x00000000a0000000,0x00000000a23ec348,0x00000000a5f80000)
 Metaspace       used 57138K, capacity 58870K, committed 59008K, reserved 1099776K
  class space    used 7782K, capacity 8206K, committed 8320K, reserved 1048576K
}
Event: 7.664 GC heap before
{Heap before GC invocations=13 (full 3):
 PSYoungGen      total 211456K, used 15824K [0x00000000e0000000, 0x00000000eed00000, 0x0000000100000000)
  eden space 191488K, 0% used [0x00000000e0000000,0x00000000e0000000,0x00000000ebb00000)
  from space 19968K, 79% used [0x00000000ed000000,0x00000000edf74170,0x00000000ee380000)
  to   space 21504K, 0% used [0x00000000ebb00000,0x00000000ebb00000,0x00000000ed000000)
 ParOldGen       total 97792K, used 36784K [0x00000000a0000000, 0x00000000a5f80000, 0x00000000e0000000)
  object space 97792K, 37% used [0x00000000a0000000,0x00000000a23ec348,0x00000000a5f80000)
 Metaspace       used 57138K, capacity 58870K, committed 59008K, reserved 1099776K
  class space    used 7782K, capacity 8206K, committed 8320K, reserved 1048576K
Event: 7.781 GC heap after
Heap after GC invocations=13 (full 3):
 PSYoungGen      total 211456K, used 0K [0x00000000e0000000, 0x00000000eed00000, 0x0000000100000000)
  eden space 191488K, 0% used [0x00000000e0000000,0x00000000e0000000,0x00000000ebb00000)
  from space 19968K, 0% used [0x00000000ed000000,0x00000000ed000000,0x00000000ee380000)
  to   space 21504K, 0% used [0x00000000ebb00000,0x00000000ebb00000,0x00000000ed000000)
 ParOldGen       total 151040K, used 43935K [0x00000000a0000000, 0x00000000a9380000, 0x00000000e0000000)
  object space 151040K, 29% used [0x00000000a0000000,0x00000000a2ae7ee8,0x00000000a9380000)
 Metaspace       used 57138K, capacity 58870K, committed 59008K, reserved 1099776K
  class space    used 7782K, capacity 8206K, committed 8320K, reserved 1048576K
}
Event: 11.383 GC heap before
{Heap before GC invocations=14 (full 3):
 PSYoungGen      total 211456K, used 191488K [0x00000000e0000000, 0x00000000eed00000, 0x0000000100000000)
  eden space 191488K, 100% used [0x00000000e0000000,0x00000000ebb00000,0x00000000ebb00000)
  from space 19968K, 0% used [0x00000000ed000000,0x00000000ed000000,0x00000000ee380000)
  to   space 21504K, 0% used [0x00000000ebb00000,0x00000000ebb00000,0x00000000ed000000)
 ParOldGen       total 151040K, used 43935K [0x00000000a0000000, 0x00000000a9380000, 0x00000000e0000000)
  object space 151040K, 29% used [0x00000000a0000000,0x00000000a2ae7ee8,0x00000000a9380000)
 Metaspace       used 66890K, capacity 69020K, committed 69120K, reserved 1110016K
  class space    used 8910K, capacity 9409K, committed 9472K, reserved 1048576K
Event: 11.406 GC heap after
Heap after GC invocations=14 (full 3):
 PSYoungGen      total 212992K, used 21483K [0x00000000e0000000, 0x00000000eed00000, 0x0000000100000000)
  eden space 191488K, 0% used [0x00000000e0000000,0x00000000e0000000,0x00000000ebb00000)
  from space 21504K, 99% used [0x00000000ebb00000,0x00000000ecffac50,0x00000000ed000000)
  to   space 19968K, 0% used [0x00000000ed000000,0x00000000ed000000,0x00000000ee380000)
 ParOldGen       total 151040K, used 46750K [0x00000000a0000000, 0x00000000a9380000, 0x00000000e0000000)
  object space 151040K, 30% used [0x00000000a0000000,0x00000000a2da7b68,0x00000000a9380000)
 Metaspace       used 66890K, capacity 69020K, committed 69120K, reserved 1110016K
  class space    used 8910K, capacity 9409K, committed 9472K, reserved 1048576K
}

Deoptimization events (10 events):
Event: 11.478 Thread 0x000000001cb43000 Uncommon trap: reason=unstable_if action=reinterpret pc=0x00000000046f82e0 method=com.android.tools.r8.it.unimi.dsi.fastutil.ints.Int2ReferenceOpenHashMap.insert(ILjava/lang/Object;)I @ 85
Event: 11.580 Thread 0x000000001cb43000 Uncommon trap: reason=unstable_if action=reinterpret pc=0x0000000003359800 method=com.android.tools.r8.ir.regalloc.LiveIntervals.getSplitCovering(I)Lcom/android/tools/r8/ir/regalloc/LiveIntervals; @ 90
Event: 11.615 Thread 0x000000001dc45800 Uncommon trap: reason=class_check action=maybe_recompile pc=0x000000000475be90 method=com.android.tools.r8.org.objectweb.asm.ClassReader.readCode(Lcom/android/tools/r8/org/objectweb/asm/MethodVisitor;Lcom/android/tools/r8/org/objectweb/asm/Context;I)V @ 1
Event: 11.615 Thread 0x000000001dc45800 Uncommon trap: reason=class_check action=maybe_recompile pc=0x000000000475be90 method=com.android.tools.r8.org.objectweb.asm.ClassReader.readCode(Lcom/android/tools/r8/org/objectweb/asm/MethodVisitor;Lcom/android/tools/r8/org/objectweb/asm/Context;I)V @ 1
Event: 11.615 Thread 0x000000001dc45800 Uncommon trap: reason=class_check action=maybe_recompile pc=0x000000000475be90 method=com.android.tools.r8.org.objectweb.asm.ClassReader.readCode(Lcom/android/tools/r8/org/objectweb/asm/MethodVisitor;Lcom/android/tools/r8/org/objectweb/asm/Context;I)V @ 1
Event: 11.615 Thread 0x000000001dc45800 Uncommon trap: reason=class_check action=maybe_recompile pc=0x000000000475be90 method=com.android.tools.r8.org.objectweb.asm.ClassReader.readCode(Lcom/android/tools/r8/org/objectweb/asm/MethodVisitor;Lcom/android/tools/r8/org/objectweb/asm/Context;I)V @ 1
Event: 11.694 Thread 0x000000001dc45000 Uncommon trap: reason=unstable_if action=reinterpret pc=0x00000000032cff94 method=java.util.HashMap.getNode(ILjava/lang/Object;)Ljava/util/HashMap$Node; @ 84
Event: 11.694 Thread 0x000000001dc45000 Uncommon trap: reason=unstable_if action=reinterpret pc=0x0000000003293a2c method=java.util.HashMap.getNode(ILjava/lang/Object;)Ljava/util/HashMap$Node; @ 84
Event: 11.785 Thread 0x000000001dc45800 Uncommon trap: reason=unstable_if action=reinterpret pc=0x0000000003f160b4 method=com.android.tools.r8.ir.conversion.JarState.recordStateForTarget(I[Lcom/android/tools/r8/ir/conversion/JarState$Local;Lcom/android/tools/r8/com/google/common/collect/Immutab
Event: 11.950 Thread 0x000000001cb49800 Uncommon trap: reason=unstable_if action=reinterpret pc=0x000000000337577c method=java.lang.StringBuffer.toString()Ljava/lang/String; @ 4

Classes redefined (0 events):
No events

Internal exceptions (10 events):
Event: 10.611 Thread 0x000000001cb49800 Exception <a 'java/lang/NoSuchMethodError': java.lang.Object.lambda$and$0(Ljava/util/function/Predicate;Ljava/lang/Object;)Z> (0x00000000e5435730) thrown at [D:\src\AOSP-openjdk-cygwin\jdk8u\hotspot\src\share\vm\interpreter\linkResolver.cpp, line 584]
Event: 10.611 Thread 0x000000001cb46000 Exception <a 'java/lang/NoSuchMethodError': java.lang.Object.lambda$and$0(Ljava/util/function/Predicate;Ljava/lang/Object;)Z> (0x00000000e51dd560) thrown at [D:\src\AOSP-openjdk-cygwin\jdk8u\hotspot\src\share\vm\interpreter\linkResolver.cpp, line 584]
Event: 10.682 Thread 0x000000001cb47800 Exception <a 'java/lang/NoSuchMethodError': java.lang.Object.lambda$static$0(Ljava/lang/String;)Z> (0x00000000e58a60b0) thrown at [D:\src\AOSP-openjdk-cygwin\jdk8u\hotspot\src\share\vm\interpreter\linkResolver.cpp, line 584]
Event: 10.791 Thread 0x000000001c20c800 Exception <a 'sun/nio/fs/WindowsException'> (0x00000000e5b03e48) thrown at [D:\src\AOSP-openjdk-cygwin\jdk8u\hotspot\src\share\vm\prims\jni.cpp, line 709]
Event: 10.823 Thread 0x000000001c20c800 Exception <a 'sun/nio/fs/WindowsException'> (0x00000000e6580b28) thrown at [D:\src\AOSP-openjdk-cygwin\jdk8u\hotspot\src\share\vm\prims\jni.cpp, line 709]
Event: 10.912 Thread 0x000000001cb48000 Implicit null exception at 0x00000000044fa7f9 to 0x00000000044fc605
Event: 10.963 Thread 0x000000001dc45000 Exception <a 'java/lang/NoSuchMethodError': java.lang.Object.lambda$comparingInt$7b0bb60$1(Ljava/util/function/ToIntFunction;Ljava/lang/Object;Ljava/lang/Object;)I> (0x00000000e77b0240) thrown at [D:\src\AOSP-openjdk-cygwin\jdk8u\hotspot\src\share\vm\inte
Event: 10.973 Thread 0x000000001c20c800 Exception <a 'sun/nio/fs/WindowsException'> (0x00000000e65bacd0) thrown at [D:\src\AOSP-openjdk-cygwin\jdk8u\hotspot\src\share\vm\prims\jni.cpp, line 709]
Event: 11.188 Thread 0x000000001c20c800 Exception <a 'sun/nio/fs/WindowsException'> (0x00000000e65f3ee0) thrown at [D:\src\AOSP-openjdk-cygwin\jdk8u\hotspot\src\share\vm\prims\jni.cpp, line 709]
Event: 11.646 Thread 0x000000001c20c800 Exception <a 'sun/nio/fs/WindowsException'> (0x00000000e00310d0) thrown at [D:\src\AOSP-openjdk-cygwin\jdk8u\hotspot\src\share\vm\prims\jni.cpp, line 709]

Events (10 events):
Event: 11.950 Thread 0x000000001cb49800 DEOPT PACKING pc=0x000000000337577c sp=0x000000002342ef10
Event: 11.950 Thread 0x000000001cb49800 DEOPT UNPACKING pc=0x0000000002a4557b sp=0x000000002342eee8 mode 2
Event: 11.951 loading class com/android/tools/r8/naming/NamingLens
Event: 11.951 loading class com/android/tools/r8/naming/NamingLens done
Event: 11.951 loading class com/android/tools/r8/graph/PresortedComparable
Event: 11.951 loading class com/android/tools/r8/graph/PresortedComparable done
Event: 11.951 loading class com/android/tools/r8/naming/NamingLens
Event: 11.951 loading class com/android/tools/r8/naming/NamingLens done
Event: 11.952 Thread 0x000000001cb49800 DEOPT PACKING pc=0x00000000048cc1d1 sp=0x000000002342eaf0
Event: 11.952 Thread 0x000000001cb49800 DEOPT UNPACKING pc=0x0000000002a475d0 sp=0x000000002342e7f0 mode 0


Dynamic libraries:
0x00007ff74dde0000 - 0x00007ff74de11000 	C:\Program Files\Android\Android Studio\jre\bin\java.exe
0x00007ffe82f30000 - 0x00007ffe83111000 	C:\Windows\SYSTEM32\ntdll.dll
0x00007ffe80d40000 - 0x00007ffe80df2000 	C:\Windows\System32\KERNEL32.DLL
0x00007ffe7fd00000 - 0x00007ffe7ff73000 	C:\Windows\System32\KERNELBASE.dll
0x00007ffe80c90000 - 0x00007ffe80d31000 	C:\Windows\System32\ADVAPI32.dll
0x00007ffe80520000 - 0x00007ffe805be000 	C:\Windows\System32\msvcrt.dll
0x00007ffe81390000 - 0x00007ffe813eb000 	C:\Windows\System32\sechost.dll
0x00007ffe82dd0000 - 0x00007ffe82ef4000 	C:\Windows\System32\RPCRT4.dll
0x00007ffe80b00000 - 0x00007ffe80c90000 	C:\Windows\System32\USER32.dll
0x00007ffe7ffd0000 - 0x00007ffe7fff0000 	C:\Windows\System32\win32u.dll
0x00007ffe81790000 - 0x00007ffe817b8000 	C:\Windows\System32\GDI32.dll
0x00007ffe7fb60000 - 0x00007ffe7fcf2000 	C:\Windows\System32\gdi32full.dll
0x00007ffe7f300000 - 0x00007ffe7f39f000 	C:\Windows\System32\msvcp_win.dll
0x00007ffe7fff0000 - 0x00007ffe800ea000 	C:\Windows\System32\ucrtbase.dll
0x00007ffe72bf0000 - 0x00007ffe72e59000 	C:\Windows\WinSxS\amd64_microsoft.windows.common-controls_6595b64144ccf1df_6.0.17134.228_none_fb4599993062b194\COMCTL32.dll
0x00007ffe81460000 - 0x00007ffe81783000 	C:\Windows\System32\combase.dll
0x00007ffe80150000 - 0x00007ffe801ca000 	C:\Windows\System32\bcryptPrimitives.dll
0x00007ffe80620000 - 0x00007ffe8064d000 	C:\Windows\System32\IMM32.DLL
0x000000006d150000 - 0x000000006d222000 	C:\Program Files\Android\Android Studio\jre\jre\bin\msvcr100.dll
0x000000006d310000 - 0x000000006db4f000 	C:\Program Files\Android\Android Studio\jre\jre\bin\server\jvm.dll
0x00007ffe82dc0000 - 0x00007ffe82dc8000 	C:\Windows\System32\PSAPI.DLL
0x00007ffe7de70000 - 0x00007ffe7de7a000 	C:\Windows\SYSTEM32\VERSION.dll
0x00007ffe7c530000 - 0x00007ffe7c539000 	C:\Windows\SYSTEM32\WSOCK32.dll
0x00007ffe74390000 - 0x00007ffe743b3000 	C:\Windows\SYSTEM32\WINMM.dll
0x00007ffe81320000 - 0x00007ffe8138c000 	C:\Windows\System32\WS2_32.dll
0x00007ffe742c0000 - 0x00007ffe742ea000 	C:\Windows\SYSTEM32\winmmbase.dll
0x00007ffe7ff80000 - 0x00007ffe7ffc9000 	C:\Windows\System32\cfgmgr32.dll
0x00007ffe7c520000 - 0x00007ffe7c52f000 	C:\Program Files\Android\Android Studio\jre\jre\bin\verify.dll
0x00007ffe7c4f0000 - 0x00007ffe7c519000 	C:\Program Files\Android\Android Studio\jre\jre\bin\java.dll
0x00007ffe7c490000 - 0x00007ffe7c4a6000 	C:\Program Files\Android\Android Studio\jre\jre\bin\zip.dll
0x00007ffe81980000 - 0x00007ffe82dc0000 	C:\Windows\System32\SHELL32.dll
0x00007ffe818d0000 - 0x00007ffe81979000 	C:\Windows\System32\shcore.dll
0x00007ffe7f3a0000 - 0x00007ffe7faad000 	C:\Windows\System32\windows.storage.dll
0x00007ffe805c0000 - 0x00007ffe80611000 	C:\Windows\System32\shlwapi.dll
0x00007ffe7f250000 - 0x00007ffe7f261000 	C:\Windows\System32\kernel.appcore.dll
0x00007ffe7f290000 - 0x00007ffe7f2af000 	C:\Windows\System32\profapi.dll
0x00007ffe7f2b0000 - 0x00007ffe7f2fc000 	C:\Windows\System32\powrprof.dll
0x00007ffe7f240000 - 0x00007ffe7f24a000 	C:\Windows\System32\FLTLIB.DLL
0x00007ffe7c470000 - 0x00007ffe7c48a000 	C:\Program Files\Android\Android Studio\jre\jre\bin\net.dll
0x00007ffe7eac0000 - 0x00007ffe7eb26000 	C:\Windows\system32\mswsock.dll
0x00007ffe7a690000 - 0x00007ffe7a6a1000 	C:\Program Files\Android\Android Studio\jre\jre\bin\nio.dll
0x00007ffe75d90000 - 0x00007ffe75dae000 	C:\Users\M&N\.gradle\native\25\windows-amd64\native-platform.dll
0x00007ffe7d490000 - 0x00007ffe7d49d000 	C:\Program Files\Android\Android Studio\jre\jre\bin\management.dll
0x00007ffe7ec70000 - 0x00007ffe7ec87000 	C:\Windows\SYSTEM32\CRYPTSP.dll
0x00007ffe7e640000 - 0x00007ffe7e673000 	C:\Windows\system32\rsaenh.dll
0x00007ffe7eda0000 - 0x00007ffe7edc5000 	C:\Windows\SYSTEM32\bcrypt.dll
0x00007ffe7f140000 - 0x00007ffe7f168000 	C:\Windows\SYSTEM32\USERENV.dll
0x00007ffe7ec90000 - 0x00007ffe7ec9b000 	C:\Windows\SYSTEM32\CRYPTBASE.dll
0x00007ffe7e840000 - 0x00007ffe7e878000 	C:\Windows\SYSTEM32\IPHLPAPI.DLL
0x00007ffe813f0000 - 0x00007ffe813f8000 	C:\Windows\System32\NSI.dll
0x00007ffe7a040000 - 0x00007ffe7a056000 	C:\Windows\SYSTEM32\dhcpcsvc6.DLL
0x00007ffe7a020000 - 0x00007ffe7a03a000 	C:\Windows\SYSTEM32\dhcpcsvc.DLL
0x00007ffe7e330000 - 0x00007ffe7e361000 	C:\Windows\SYSTEM32\ntmarta.dll

VM Arguments:
jvm_args: -Xmx1536m -Dfile.encoding=x-windows-949 -Duser.country=KR -Duser.language=ko -Duser.variant 
java_command: org.gradle.launcher.daemon.bootstrap.GradleDaemon 4.4
java_class_path (initial): C:\Users\M&N\.gradle\wrapper\dists\gradle-4.4-all\9br9xq1tocpiv8o6njlyu5op1\gradle-4.4\lib\gradle-launcher-4.4.jar
Launcher Type: SUN_STANDARD

Environment Variables:
PATH=C:\Program Files (x86)\Common Files\Oracle\Java\javapath;C:\Windows\system32;C:\Windows;C:\Windows\System32\Wbem;C:\Windows\System32\WindowsPowerShell\v1.0\;C:\Windows\System32\OpenSSH\;C:\Program Files (x86)\NVIDIA Corporation\PhysX\Common;C:\Users\M&N\AppData\Local\Android\Sdk\platform-tools;C:\Program Files\Git\cmd;C:\Users\M&N\AppData\Local\Microsoft\WindowsApps;
USERNAME=M&N
OS=Windows_NT
PROCESSOR_IDENTIFIER=Intel64 Family 6 Model 94 Stepping 3, GenuineIntel



---------------  S Y S T E M  ---------------

OS: Windows 10.0 , 64 bit Build 17134 (10.0.17134.1)

CPU:total 4 (initial active 4) (4 cores per cpu, 1 threads per core) family 6 model 94 stepping 3, cmov, cx8, fxsr, mmx, sse, sse2, sse3, ssse3, sse4.1, sse4.2, popcnt, avx, avx2, aes, clmul, erms, rtm, 3dnowpref, lzcnt, tsc, tscinvbit, bmi1, bmi2, adx

Memory: 4k page, physical 8339612k(1871272k free), swap 33505436k(4820k free)

vm_info: OpenJDK 64-Bit Server VM (25.152-b02) for windows-amd64 JRE (1.8.0_152-release-1024-b02), built by "builder" with MS VC++ 10.0 (VS2010)

time: Thu Sep 06 09:10:47 2018
elapsed time: 11 seconds (0d 0h 0m 11s)

